<?xml version="1.0" encoding="UTF-8"?>
<robot generator="Robot 7.4.1 (Python 3.10.12 on linux)" generated="2026-03-03T16:05:11.432370" rpa="false" schemaversion="5">
<suite id="s1" name="E2E" source="/home/jules-rousseau/Bureau/DigitalBank/tests/e2e">
<suite id="s1-s1" name="Authentification tests" source="/home/jules-rousseau/Bureau/DigitalBank/tests/e2e/Authentification_tests.robot">
<kw name="Ouvrir L'Application" owner="auth_service" type="SETUP">
<kw name="Evaluate" owner="BuiltIn">
<msg time="2026-03-03T16:05:11.905541" level="INFO">${options} = &lt;selenium.webdriver.chrome.options.Options object at 0x7052ae8a9690&gt;</msg>
<var>${options}</var>
<arg>sys.modules['selenium.webdriver'].ChromeOptions()</arg>
<arg>sys</arg>
<doc>Evaluates the given expression in Python and returns the result.</doc>
<status status="PASS" start="2026-03-03T16:05:11.904651" elapsed="0.000995"/>
</kw>
<kw name="Load Test Data" owner="testdata">
<kw name="Load Test Data From Yaml" owner="testdata">
<msg time="2026-03-03T16:05:11.909852" level="INFO">${data} = {'users': {'standard': {'email': 'test@digitalbank.fr', 'password': 'Test1234!', 'two_fa_enabled': False}, 'twofa': {'email': 'marie.martin@email.com', 'password': 'SecurePass456!', 'two_fa_enabled': ...</msg>
<var>${data}</var>
<arg>data/test_users.yaml</arg>
<status status="PASS" start="2026-03-03T16:05:11.906806" elapsed="0.003157"/>
</kw>
<kw name="Set Suite Variable" owner="BuiltIn">
<msg time="2026-03-03T16:05:11.911375" level="INFO">${TESTDATA} = {'users': {'standard': {'email': 'test@digitalbank.fr', 'password': 'Test1234!', 'two_fa_enabled': False}, 'twofa': {'email': 'marie.martin@email.com', 'password': 'SecurePass456!', 'two_fa_enabled': ...</msg>
<arg>${TESTDATA}</arg>
<arg>${data}</arg>
<doc>Makes a variable available everywhere within the scope of the current suite.</doc>
<status status="PASS" start="2026-03-03T16:05:11.910449" elapsed="0.001046"/>
</kw>
<status status="PASS" start="2026-03-03T16:05:11.906069" elapsed="0.005585"/>
</kw>
<kw name="Creer Un Webdriver" owner="socle">
<kw name="Evaluate" owner="BuiltIn">
<msg time="2026-03-03T16:05:11.913274" level="INFO">${options} = &lt;selenium.webdriver.chrome.options.Options object at 0x7052ae8abb80&gt;</msg>
<var>${options}</var>
<arg>sys.modules['selenium.webdriver'].ChromeOptions()</arg>
<arg>sys</arg>
<doc>Evaluates the given expression in Python and returns the result.</doc>
<status status="PASS" start="2026-03-03T16:05:11.912382" elapsed="0.000963"/>
</kw>
<kw name="Run Keyword If" owner="BuiltIn">
<arg>'${HEADLESS}'=='true'</arg>
<arg>Call Method</arg>
<arg>${options}</arg>
<arg>add_argument</arg>
<arg>argument=--headless</arg>
<doc>Runs the given keyword with the given arguments, if ``condition`` is true.</doc>
<status status="PASS" start="2026-03-03T16:05:11.913831" elapsed="0.001104"/>
</kw>
<kw name="Call Method" owner="BuiltIn">
<arg>${options}</arg>
<arg>add_argument</arg>
<arg>argument=--no-sandbox</arg>
<doc>Calls the named method of the given object with the provided arguments.</doc>
<status status="PASS" start="2026-03-03T16:05:11.915342" elapsed="0.000684"/>
</kw>
<kw name="Call Method" owner="BuiltIn">
<arg>${options}</arg>
<arg>add_argument</arg>
<arg>argument=--disable-dev-shm-usage</arg>
<doc>Calls the named method of the given object with the provided arguments.</doc>
<status status="PASS" start="2026-03-03T16:05:11.916434" elapsed="0.000940"/>
</kw>
<kw name="Call Method" owner="BuiltIn">
<arg>${options}</arg>
<arg>add_argument</arg>
<arg>argument=--window-size=1920,1080</arg>
<doc>Calls the named method of the given object with the provided arguments.</doc>
<status status="PASS" start="2026-03-03T16:05:11.917746" elapsed="0.000464"/>
</kw>
<kw name="Create Webdriver" owner="SeleniumLibrary">
<msg time="2026-03-03T16:05:11.918834" level="INFO">Creating an instance of the Chrome WebDriver.</msg>
<arg>Chrome</arg>
<arg>options=${options}</arg>
<doc>Creates an instance of Selenium WebDriver.</doc>
<status status="PASS" start="2026-03-03T16:05:11.918448" elapsed="1.246954"/>
</kw>
<kw name="Set Selenium Timeout" owner="SeleniumLibrary">
<arg>${TIMEOUT}</arg>
<doc>Sets the timeout that is used by various keywords.</doc>
<status status="PASS" start="2026-03-03T16:05:13.165976" elapsed="0.002166"/>
</kw>
<status status="PASS" start="2026-03-03T16:05:11.912017" elapsed="1.256371"/>
</kw>
<kw name="Aller Vers L'URL" owner="socle">
<kw name="Go To" owner="SeleniumLibrary">
<msg time="2026-03-03T16:05:13.170019" level="INFO">Opening url 'http://localhost:8080'</msg>
<arg>${URL}</arg>
<doc>Navigates the current browser window to the provided ``url``.</doc>
<status status="PASS" start="2026-03-03T16:05:13.169560" elapsed="0.305516"/>
</kw>
<arg>${BASE_URL}</arg>
<status status="PASS" start="2026-03-03T16:05:13.168876" elapsed="0.306470"/>
</kw>
<kw name="La Page &quot;Login&quot; Est Visible" owner="login_page">
<kw name="L'Element Doit Etre Visible" owner="socle">
<kw name="Element Should Be Visible" owner="SeleniumLibrary">
<msg time="2026-03-03T16:05:13.518304" level="INFO">Element 'css=[data-testid="input-email"]' is displayed.</msg>
<arg>${locator}</arg>
<arg>${TIMEOUT}</arg>
<doc>Verifies that the element identified by ``locator`` is visible.</doc>
<status status="PASS" start="2026-03-03T16:05:13.478332" elapsed="0.040199"/>
</kw>
<arg>${LOGIN_EMAIL}</arg>
<status status="PASS" start="2026-03-03T16:05:13.477487" elapsed="0.041327"/>
</kw>
<doc>La page de login doit petre visible</doc>
<status status="PASS" start="2026-03-03T16:05:13.475908" elapsed="0.043100"/>
</kw>
<status status="PASS" start="2026-03-03T16:05:11.903519" elapsed="1.615695"/>
</kw>
<test id="s1-s1-t1" name="La Page De Login Est Accessible" line="20">
<kw name="Se Rendre Sur La Page De Login" owner="auth_service" type="SETUP">
<kw name="Aller A La Page De Login" owner="login_page">
<kw name="Aller Vers L'URL" owner="socle">
<kw name="Go To" owner="SeleniumLibrary">
<msg time="2026-03-03T16:05:13.526140" level="INFO">Opening url 'http://localhost:8080'</msg>
<arg>${URL}</arg>
<doc>Navigates the current browser window to the provided ``url``.</doc>
<status status="PASS" start="2026-03-03T16:05:13.525610" elapsed="0.043239"/>
</kw>
<arg>${BASE_URL}</arg>
<status status="PASS" start="2026-03-03T16:05:13.524644" elapsed="0.044465"/>
</kw>
<doc>Aller vers la page de login</doc>
<status status="PASS" start="2026-03-03T16:05:13.523856" elapsed="0.045498"/>
</kw>
<kw name="Run Keyword And Ignore Error" owner="BuiltIn">
<kw name="Logout" owner="auth_service">
<kw name="Cliquer sur &quot;Déconnexion&quot;" owner="login_page">
<kw name="L'Element Doit Etre Visible" owner="socle">
<kw name="Element Should Be Visible" owner="SeleniumLibrary">
<msg time="2026-03-03T16:05:13.788142" level="INFO" html="true">&lt;/td&gt;&lt;/tr&gt;&lt;tr&gt;&lt;td colspan="3"&gt;&lt;a href="selenium-screenshot-95.png"&gt;&lt;img src="selenium-screenshot-95.png" width="800px"&gt;&lt;/a&gt;</msg>
<msg time="2026-03-03T16:05:13.788529" level="FAIL">Element with locator 'css=[data-testid="btn-logout"]' not found.</msg>
<arg>${locator}</arg>
<arg>${TIMEOUT}</arg>
<doc>Verifies that the element identified by ``locator`` is visible.</doc>
<status status="FAIL" start="2026-03-03T16:05:13.572147" elapsed="0.218492">Element with locator 'css=[data-testid="btn-logout"]' not found.</status>
</kw>
<arg>${BTN_LOGOUT}</arg>
<status status="FAIL" start="2026-03-03T16:05:13.571666" elapsed="0.219381">Element with locator 'css=[data-testid="btn-logout"]' not found.</status>
</kw>
<kw name="Cliquer Sur Le Bouton" owner="socle">
<arg>${BTN_LOGOUT}</arg>
<status status="NOT RUN" start="2026-03-03T16:05:13.791529" elapsed="0.000083"/>
</kw>
<doc>Cliquer sur le bouton "déconnexion"</doc>
<status status="FAIL" start="2026-03-03T16:05:13.571196" elapsed="0.220638">Element with locator 'css=[data-testid="btn-logout"]' not found.</status>
</kw>
<kw name="La Page &quot;Login&quot; Est Visible" owner="login_page">
<doc>La page de login doit petre visible</doc>
<status status="NOT RUN" start="2026-03-03T16:05:13.792224" elapsed="0.000085"/>
</kw>
<doc>Déconnexion et retour à la page login</doc>
<status status="FAIL" start="2026-03-03T16:05:13.570642" elapsed="0.221880">Element with locator 'css=[data-testid="btn-logout"]' not found.</status>
</kw>
<arg>Logout</arg>
<doc>Runs the given keyword with the given arguments and ignores possible error.</doc>
<status status="PASS" start="2026-03-03T16:05:13.569788" elapsed="0.223076"/>
</kw>
<kw name="Aller A La Page De Login" owner="login_page">
<kw name="Aller Vers L'URL" owner="socle">
<kw name="Go To" owner="SeleniumLibrary">
<msg time="2026-03-03T16:05:13.795711" level="INFO">Opening url 'http://localhost:8080'</msg>
<arg>${URL}</arg>
<doc>Navigates the current browser window to the provided ``url``.</doc>
<status status="PASS" start="2026-03-03T16:05:13.795359" elapsed="0.038907"/>
</kw>
<arg>${BASE_URL}</arg>
<status status="PASS" start="2026-03-03T16:05:13.794587" elapsed="0.039908"/>
</kw>
<doc>Aller vers la page de login</doc>
<status status="PASS" start="2026-03-03T16:05:13.793340" elapsed="0.041301"/>
</kw>
<kw name="La Page &quot;Login&quot; Est Visible" owner="login_page">
<kw name="L'Element Doit Etre Visible" owner="socle">
<kw name="Element Should Be Visible" owner="SeleniumLibrary">
<msg time="2026-03-03T16:05:13.879592" level="INFO">Element 'css=[data-testid="input-email"]' is displayed.</msg>
<arg>${locator}</arg>
<arg>${TIMEOUT}</arg>
<doc>Verifies that the element identified by ``locator`` is visible.</doc>
<status status="PASS" start="2026-03-03T16:05:13.836578" elapsed="0.043241"/>
</kw>
<arg>${LOGIN_EMAIL}</arg>
<status status="PASS" start="2026-03-03T16:05:13.835828" elapsed="0.044741"/>
</kw>
<doc>La page de login doit petre visible</doc>
<status status="PASS" start="2026-03-03T16:05:13.835094" elapsed="0.045974"/>
</kw>
<doc>Aller vers la Page de login - service</doc>
<status status="PASS" start="2026-03-03T16:05:13.522965" elapsed="0.358338"/>
</kw>
<kw name="Se Rendre Sur La Page De Login" owner="auth_service">
<kw name="Aller A La Page De Login" owner="login_page">
<kw name="Aller Vers L'URL" owner="socle">
<kw name="Go To" owner="SeleniumLibrary">
<msg time="2026-03-03T16:05:13.888505" level="INFO">Opening url 'http://localhost:8080'</msg>
<arg>${URL}</arg>
<doc>Navigates the current browser window to the provided ``url``.</doc>
<status status="PASS" start="2026-03-03T16:05:13.887312" elapsed="0.085584"/>
</kw>
<arg>${BASE_URL}</arg>
<status status="PASS" start="2026-03-03T16:05:13.886161" elapsed="0.087037"/>
</kw>
<doc>Aller vers la page de login</doc>
<status status="PASS" start="2026-03-03T16:05:13.883637" elapsed="0.089763"/>
</kw>
<kw name="Run Keyword And Ignore Error" owner="BuiltIn">
<kw name="Logout" owner="auth_service">
<kw name="Cliquer sur &quot;Déconnexion&quot;" owner="login_page">
<kw name="L'Element Doit Etre Visible" owner="socle">
<kw name="Element Should Be Visible" owner="SeleniumLibrary">
<msg time="2026-03-03T16:05:14.299384" level="INFO" html="true">&lt;/td&gt;&lt;/tr&gt;&lt;tr&gt;&lt;td colspan="3"&gt;&lt;a href="selenium-screenshot-96.png"&gt;&lt;img src="selenium-screenshot-96.png" width="800px"&gt;&lt;/a&gt;</msg>
<msg time="2026-03-03T16:05:14.299670" level="FAIL">Element with locator 'css=[data-testid="btn-logout"]' not found.</msg>
<arg>${locator}</arg>
<arg>${TIMEOUT}</arg>
<doc>Verifies that the element identified by ``locator`` is visible.</doc>
<status status="FAIL" start="2026-03-03T16:05:13.978798" elapsed="0.321237">Element with locator 'css=[data-testid="btn-logout"]' not found.</status>
</kw>
<arg>${BTN_LOGOUT}</arg>
<status status="FAIL" start="2026-03-03T16:05:13.977621" elapsed="0.323508">Element with locator 'css=[data-testid="btn-logout"]' not found.</status>
</kw>
<kw name="Cliquer Sur Le Bouton" owner="socle">
<arg>${BTN_LOGOUT}</arg>
<status status="NOT RUN" start="2026-03-03T16:05:14.301759" elapsed="0.000117"/>
</kw>
<doc>Cliquer sur le bouton "déconnexion"</doc>
<status status="FAIL" start="2026-03-03T16:05:13.976277" elapsed="0.325860">Element with locator 'css=[data-testid="btn-logout"]' not found.</status>
</kw>
<kw name="La Page &quot;Login&quot; Est Visible" owner="login_page">
<doc>La page de login doit petre visible</doc>
<status status="NOT RUN" start="2026-03-03T16:05:14.302633" elapsed="0.000124"/>
</kw>
<doc>Déconnexion et retour à la page login</doc>
<status status="FAIL" start="2026-03-03T16:05:13.975024" elapsed="0.328010">Element with locator 'css=[data-testid="btn-logout"]' not found.</status>
</kw>
<arg>Logout</arg>
<doc>Runs the given keyword with the given arguments and ignores possible error.</doc>
<status status="PASS" start="2026-03-03T16:05:13.973839" elapsed="0.329391"/>
</kw>
<kw name="Aller A La Page De Login" owner="login_page">
<kw name="Aller Vers L'URL" owner="socle">
<kw name="Go To" owner="SeleniumLibrary">
<msg time="2026-03-03T16:05:14.311915" level="INFO">Opening url 'http://localhost:8080'</msg>
<arg>${URL}</arg>
<doc>Navigates the current browser window to the provided ``url``.</doc>
<status status="PASS" start="2026-03-03T16:05:14.308013" elapsed="0.064664"/>
</kw>
<arg>${BASE_URL}</arg>
<status status="PASS" start="2026-03-03T16:05:14.306978" elapsed="0.066010"/>
</kw>
<doc>Aller vers la page de login</doc>
<status status="PASS" start="2026-03-03T16:05:14.304177" elapsed="0.069022"/>
</kw>
<kw name="La Page &quot;Login&quot; Est Visible" owner="login_page">
<kw name="L'Element Doit Etre Visible" owner="socle">
<kw name="Element Should Be Visible" owner="SeleniumLibrary">
<msg time="2026-03-03T16:05:14.437119" level="INFO">Element 'css=[data-testid="input-email"]' is displayed.</msg>
<arg>${locator}</arg>
<arg>${TIMEOUT}</arg>
<doc>Verifies that the element identified by ``locator`` is visible.</doc>
<status status="PASS" start="2026-03-03T16:05:14.382514" elapsed="0.054861"/>
</kw>
<arg>${LOGIN_EMAIL}</arg>
<status status="PASS" start="2026-03-03T16:05:14.374636" elapsed="0.063023"/>
</kw>
<doc>La page de login doit petre visible</doc>
<status status="PASS" start="2026-03-03T16:05:14.373748" elapsed="0.064158"/>
</kw>
<doc>Aller vers la Page de login - service</doc>
<status status="PASS" start="2026-03-03T16:05:13.882721" elapsed="0.555368"/>
</kw>
<doc>Vérifie que l'application est accessible et que la page Login s'affiche</doc>
<tag>smoke</tag>
<status status="PASS" start="2026-03-03T16:05:13.519617" elapsed="0.922121"/>
</test>
<test id="s1-s1-t2" name="Login Et Logout Standard" line="26">
<kw name="Se Rendre Sur La Page De Login" owner="auth_service" type="SETUP">
<kw name="Aller A La Page De Login" owner="login_page">
<kw name="Aller Vers L'URL" owner="socle">
<kw name="Go To" owner="SeleniumLibrary">
<msg time="2026-03-03T16:05:14.455616" level="INFO">Opening url 'http://localhost:8080'</msg>
<arg>${URL}</arg>
<doc>Navigates the current browser window to the provided ``url``.</doc>
<status status="PASS" start="2026-03-03T16:05:14.455074" elapsed="0.086116"/>
</kw>
<arg>${BASE_URL}</arg>
<status status="PASS" start="2026-03-03T16:05:14.453665" elapsed="0.087766"/>
</kw>
<doc>Aller vers la page de login</doc>
<status status="PASS" start="2026-03-03T16:05:14.452149" elapsed="0.089439"/>
</kw>
<kw name="Run Keyword And Ignore Error" owner="BuiltIn">
<kw name="Logout" owner="auth_service">
<kw name="Cliquer sur &quot;Déconnexion&quot;" owner="login_page">
<kw name="L'Element Doit Etre Visible" owner="socle">
<kw name="Element Should Be Visible" owner="SeleniumLibrary">
<msg time="2026-03-03T16:05:14.814211" level="INFO" html="true">&lt;/td&gt;&lt;/tr&gt;&lt;tr&gt;&lt;td colspan="3"&gt;&lt;a href="selenium-screenshot-97.png"&gt;&lt;img src="selenium-screenshot-97.png" width="800px"&gt;&lt;/a&gt;</msg>
<msg time="2026-03-03T16:05:14.814499" level="FAIL">Element with locator 'css=[data-testid="btn-logout"]' not found.</msg>
<arg>${locator}</arg>
<arg>${TIMEOUT}</arg>
<doc>Verifies that the element identified by ``locator`` is visible.</doc>
<status status="FAIL" start="2026-03-03T16:05:14.547276" elapsed="0.267557">Element with locator 'css=[data-testid="btn-logout"]' not found.</status>
</kw>
<arg>${BTN_LOGOUT}</arg>
<status status="FAIL" start="2026-03-03T16:05:14.546197" elapsed="0.268976">Element with locator 'css=[data-testid="btn-logout"]' not found.</status>
</kw>
<kw name="Cliquer Sur Le Bouton" owner="socle">
<arg>${BTN_LOGOUT}</arg>
<status status="NOT RUN" start="2026-03-03T16:05:14.816012" elapsed="0.000125"/>
</kw>
<doc>Cliquer sur le bouton "déconnexion"</doc>
<status status="FAIL" start="2026-03-03T16:05:14.544015" elapsed="0.272405">Element with locator 'css=[data-testid="btn-logout"]' not found.</status>
</kw>
<kw name="La Page &quot;Login&quot; Est Visible" owner="login_page">
<doc>La page de login doit petre visible</doc>
<status status="NOT RUN" start="2026-03-03T16:05:14.817894" elapsed="0.000139"/>
</kw>
<doc>Déconnexion et retour à la page login</doc>
<status status="FAIL" start="2026-03-03T16:05:14.542964" elapsed="0.275349">Element with locator 'css=[data-testid="btn-logout"]' not found.</status>
</kw>
<arg>Logout</arg>
<doc>Runs the given keyword with the given arguments and ignores possible error.</doc>
<status status="PASS" start="2026-03-03T16:05:14.541980" elapsed="0.276526"/>
</kw>
<kw name="Aller A La Page De Login" owner="login_page">
<kw name="Aller Vers L'URL" owner="socle">
<kw name="Go To" owner="SeleniumLibrary">
<msg time="2026-03-03T16:05:14.822624" level="INFO">Opening url 'http://localhost:8080'</msg>
<arg>${URL}</arg>
<doc>Navigates the current browser window to the provided ``url``.</doc>
<status status="PASS" start="2026-03-03T16:05:14.821322" elapsed="0.075509"/>
</kw>
<arg>${BASE_URL}</arg>
<status status="PASS" start="2026-03-03T16:05:14.820338" elapsed="0.076788"/>
</kw>
<doc>Aller vers la page de login</doc>
<status status="PASS" start="2026-03-03T16:05:14.818980" elapsed="0.078344"/>
</kw>
<kw name="La Page &quot;Login&quot; Est Visible" owner="login_page">
<kw name="L'Element Doit Etre Visible" owner="socle">
<kw name="Element Should Be Visible" owner="SeleniumLibrary">
<msg time="2026-03-03T16:05:14.941290" level="INFO">Element 'css=[data-testid="input-email"]' is displayed.</msg>
<arg>${locator}</arg>
<arg>${TIMEOUT}</arg>
<doc>Verifies that the element identified by ``locator`` is visible.</doc>
<status status="PASS" start="2026-03-03T16:05:14.900622" elapsed="0.040976"/>
</kw>
<arg>${LOGIN_EMAIL}</arg>
<status status="PASS" start="2026-03-03T16:05:14.899035" elapsed="0.042870"/>
</kw>
<doc>La page de login doit petre visible</doc>
<status status="PASS" start="2026-03-03T16:05:14.897895" elapsed="0.044231"/>
</kw>
<doc>Aller vers la Page de login - service</doc>
<status status="PASS" start="2026-03-03T16:05:14.449814" elapsed="0.492529"/>
</kw>
<kw name="Obtenir Les Identifiants Standards" owner="auth_service">
<kw name="Get Standard Credentials" owner="testdata">
<kw name="Get From Dictionary" owner="Collections">
<msg time="2026-03-03T16:05:14.946572" level="INFO">${users} = {'standard': {'email': 'test@digitalbank.fr', 'password': 'Test1234!', 'two_fa_enabled': False}, 'twofa': {'email': 'marie.martin@email.com', 'password': 'SecurePass456!', 'two_fa_enabled': True, 'two...</msg>
<var>${users}</var>
<arg>${TESTDATA}</arg>
<arg>users</arg>
<doc>Returns a value from the given ``dictionary`` based on the given ``key``.</doc>
<status status="PASS" start="2026-03-03T16:05:14.945811" elapsed="0.000867"/>
</kw>
<kw name="Get From Dictionary" owner="Collections">
<msg time="2026-03-03T16:05:14.948043" level="INFO">${standard} = {'email': 'test@digitalbank.fr', 'password': 'Test1234!', 'two_fa_enabled': False}</msg>
<var>${standard}</var>
<arg>${users}</arg>
<arg>standard</arg>
<doc>Returns a value from the given ``dictionary`` based on the given ``key``.</doc>
<status status="PASS" start="2026-03-03T16:05:14.947154" elapsed="0.001065"/>
</kw>
<kw name="Get From Dictionary" owner="Collections">
<msg time="2026-03-03T16:05:14.950568" level="INFO">${email} = test@digitalbank.fr</msg>
<var>${email}</var>
<arg>${standard}</arg>
<arg>email</arg>
<doc>Returns a value from the given ``dictionary`` based on the given ``key``.</doc>
<status status="PASS" start="2026-03-03T16:05:14.949184" elapsed="0.001498"/>
</kw>
<kw name="Get From Dictionary" owner="Collections">
<msg time="2026-03-03T16:05:14.952342" level="INFO">${password} = Test1234!</msg>
<var>${password}</var>
<arg>${standard}</arg>
<arg>password</arg>
<doc>Returns a value from the given ``dictionary`` based on the given ``key``.</doc>
<status status="PASS" start="2026-03-03T16:05:14.951406" elapsed="0.001044"/>
</kw>
<return>
<value>${email}</value>
<value>${password}</value>
<status status="PASS" start="2026-03-03T16:05:14.952659" elapsed="0.000156"/>
</return>
<msg time="2026-03-03T16:05:14.953356" level="INFO">${email} = test@digitalbank.fr</msg>
<msg time="2026-03-03T16:05:14.954345" level="INFO">${password} = Test1234!</msg>
<var>${email}</var>
<var>${password}</var>
<status status="PASS" start="2026-03-03T16:05:14.944663" elapsed="0.009815"/>
</kw>
<return>
<value>${email}</value>
<value>${password}</value>
<status status="PASS" start="2026-03-03T16:05:14.954680" elapsed="0.000145"/>
</return>
<msg time="2026-03-03T16:05:14.955392" level="INFO">${email} = test@digitalbank.fr</msg>
<msg time="2026-03-03T16:05:14.955559" level="INFO">${password} = Test1234!</msg>
<var>${email}</var>
<var>${password}</var>
<doc>Obtenir les identifiants standards</doc>
<status status="PASS" start="2026-03-03T16:05:14.943499" elapsed="0.012172"/>
</kw>
<kw name="Login Avec Identifiants" owner="auth_service">
<kw name="La Page &quot;Login&quot; Est Visible" owner="login_page">
<kw name="L'Element Doit Etre Visible" owner="socle">
<kw name="Element Should Be Visible" owner="SeleniumLibrary">
<msg time="2026-03-03T16:05:15.002652" level="INFO">Element 'css=[data-testid="input-email"]' is displayed.</msg>
<arg>${locator}</arg>
<arg>${TIMEOUT}</arg>
<doc>Verifies that the element identified by ``locator`` is visible.</doc>
<status status="PASS" start="2026-03-03T16:05:14.962495" elapsed="0.040424"/>
</kw>
<arg>${LOGIN_EMAIL}</arg>
<status status="PASS" start="2026-03-03T16:05:14.959845" elapsed="0.043521"/>
</kw>
<doc>La page de login doit petre visible</doc>
<status status="PASS" start="2026-03-03T16:05:14.958769" elapsed="0.044891"/>
</kw>
<kw name="Saisir Email" owner="login_page">
<kw name="Saisir Le Texte" owner="socle">
<kw name="Clear Element Text" owner="SeleniumLibrary">
<arg>${locator}</arg>
<doc>Clears the value of the text-input-element identified by ``locator``.</doc>
<status status="PASS" start="2026-03-03T16:05:15.006785" elapsed="0.120076"/>
</kw>
<kw name="Wait Until Element Is Visible" owner="SeleniumLibrary">
<arg>${locator}</arg>
<arg>${TIMEOUT}</arg>
<doc>Waits until the element ``locator`` is visible.</doc>
<status status="PASS" start="2026-03-03T16:05:15.127784" elapsed="0.035963"/>
</kw>
<kw name="Input Text" owner="SeleniumLibrary">
<msg time="2026-03-03T16:05:15.165173" level="INFO">Typing text 'test@digitalbank.fr' into text field 'css=[data-testid="input-email"]'.</msg>
<arg>${locator}</arg>
<arg>${text}</arg>
<doc>Types the given ``text`` into the text field identified by ``locator``.</doc>
<status status="PASS" start="2026-03-03T16:05:15.164468" elapsed="0.171759"/>
</kw>
<arg>${LOGIN_EMAIL}</arg>
<arg>${email}</arg>
<status status="PASS" start="2026-03-03T16:05:15.005674" elapsed="0.330738"/>
</kw>
<arg>${email}</arg>
<doc>Saisir l'email</doc>
<status status="PASS" start="2026-03-03T16:05:15.004399" elapsed="0.332123"/>
</kw>
<kw name="Saisir Mot De Passe" owner="login_page">
<kw name="Saisir Le Mot De Passe" owner="socle">
<kw name="Clear Element Text" owner="SeleniumLibrary">
<arg>${locator}</arg>
<doc>Clears the value of the text-input-element identified by ``locator``.</doc>
<status status="PASS" start="2026-03-03T16:05:15.339056" elapsed="0.091272"/>
</kw>
<kw name="Wait Until Element Is Visible" owner="SeleniumLibrary">
<arg>${locator}</arg>
<arg>${TIMEOUT}</arg>
<doc>Waits until the element ``locator`` is visible.</doc>
<status status="PASS" start="2026-03-03T16:05:15.430826" elapsed="0.037083"/>
</kw>
<kw name="Input Password" owner="SeleniumLibrary">
<msg time="2026-03-03T16:05:15.469288" level="INFO">Typing password into text field 'css=[data-testid="input-password"]'.</msg>
<msg time="2026-03-03T16:05:15.556681" level="INFO">Temporally setting log level to: NONE</msg>
<arg>${locator}</arg>
<arg>${pswd}</arg>
<doc>Types the given password into the text field identified by ``locator``.</doc>
<status status="PASS" start="2026-03-03T16:05:15.468454" elapsed="0.197303"/>
</kw>
<arg>${LOGIN_PASSWORD}</arg>
<arg>${password}</arg>
<status status="PASS" start="2026-03-03T16:05:15.338156" elapsed="0.327898"/>
</kw>
<kw name="Cliquer Sur Le Bouton" owner="socle">
<kw name="Wait Until Element Is Visible" owner="SeleniumLibrary">
<arg>${locator}</arg>
<arg>${TIMEOUT}</arg>
<doc>Waits until the element ``locator`` is visible.</doc>
<status status="PASS" start="2026-03-03T16:05:15.667558" elapsed="0.036747"/>
</kw>
<kw name="Click Button" owner="SeleniumLibrary">
<msg time="2026-03-03T16:05:15.705288" level="INFO">Clicking button 'css=[data-testid="btn-login"]'.</msg>
<arg>${locator}</arg>
<doc>Clicks the button identified by ``locator``.</doc>
<status status="PASS" start="2026-03-03T16:05:15.704765" elapsed="0.274041"/>
</kw>
<arg>${LOGIN_SUBMIT}</arg>
<status status="PASS" start="2026-03-03T16:05:15.666580" elapsed="0.312502"/>
</kw>
<arg>${password}</arg>
<doc>Saisir le mot de passe</doc>
<status status="PASS" start="2026-03-03T16:05:15.337048" elapsed="0.642212"/>
</kw>
<arg>${email}</arg>
<arg>${password}</arg>
<doc>Saisit les identifiants et soumet le formulaire de login</doc>
<status status="PASS" start="2026-03-03T16:05:14.956936" elapsed="1.022476"/>
</kw>
<kw name="La Page &quot;Commune&quot; Est Visible" owner="main_page">
<kw name="L'Element Doit Etre Visible" owner="socle">
<kw name="Element Should Be Visible" owner="SeleniumLibrary">
<msg time="2026-03-03T16:05:16.069500" level="INFO">Element 'css=[data-testid="tab-dashboard"]' is displayed.</msg>
<arg>${locator}</arg>
<arg>${TIMEOUT}</arg>
<doc>Verifies that the element identified by ``locator`` is visible.</doc>
<status status="PASS" start="2026-03-03T16:05:15.981999" elapsed="0.087727"/>
</kw>
<arg>${TAB_DASHBOARD}</arg>
<status status="PASS" start="2026-03-03T16:05:15.981067" elapsed="0.088898"/>
</kw>
<kw name="L'Element Doit Etre Visible" owner="socle">
<kw name="Element Should Be Visible" owner="SeleniumLibrary">
<msg time="2026-03-03T16:05:16.106185" level="INFO">Element 'css=[data-testid="btn-logout"]' is displayed.</msg>
<arg>${locator}</arg>
<arg>${TIMEOUT}</arg>
<doc>Verifies that the element identified by ``locator`` is visible.</doc>
<status status="PASS" start="2026-03-03T16:05:16.071298" elapsed="0.035102"/>
</kw>
<arg>${BTN_LOGOUT}</arg>
<status status="PASS" start="2026-03-03T16:05:16.070469" elapsed="0.036183"/>
</kw>
<doc>La page de login doit petre visible</doc>
<status status="PASS" start="2026-03-03T16:05:15.980123" elapsed="0.126740"/>
</kw>
<kw name="Logout" owner="auth_service">
<kw name="Cliquer sur &quot;Déconnexion&quot;" owner="login_page">
<kw name="L'Element Doit Etre Visible" owner="socle">
<kw name="Element Should Be Visible" owner="SeleniumLibrary">
<msg time="2026-03-03T16:05:16.144508" level="INFO">Element 'css=[data-testid="btn-logout"]' is displayed.</msg>
<arg>${locator}</arg>
<arg>${TIMEOUT}</arg>
<doc>Verifies that the element identified by ``locator`` is visible.</doc>
<status status="PASS" start="2026-03-03T16:05:16.110620" elapsed="0.034129"/>
</kw>
<arg>${BTN_LOGOUT}</arg>
<status status="PASS" start="2026-03-03T16:05:16.109665" elapsed="0.035341"/>
</kw>
<kw name="Cliquer Sur Le Bouton" owner="socle">
<kw name="Wait Until Element Is Visible" owner="SeleniumLibrary">
<arg>${locator}</arg>
<arg>${TIMEOUT}</arg>
<doc>Waits until the element ``locator`` is visible.</doc>
<status status="PASS" start="2026-03-03T16:05:16.147321" elapsed="0.031428"/>
</kw>
<kw name="Click Button" owner="SeleniumLibrary">
<msg time="2026-03-03T16:05:16.180227" level="INFO">Clicking button 'css=[data-testid="btn-logout"]'.</msg>
<arg>${locator}</arg>
<doc>Clicks the button identified by ``locator``.</doc>
<status status="PASS" start="2026-03-03T16:05:16.179484" elapsed="0.148486"/>
</kw>
<arg>${BTN_LOGOUT}</arg>
<status status="PASS" start="2026-03-03T16:05:16.146272" elapsed="0.181968"/>
</kw>
<doc>Cliquer sur le bouton "déconnexion"</doc>
<status status="PASS" start="2026-03-03T16:05:16.108633" elapsed="0.219799"/>
</kw>
<kw name="La Page &quot;Login&quot; Est Visible" owner="login_page">
<kw name="L'Element Doit Etre Visible" owner="socle">
<kw name="Element Should Be Visible" owner="SeleniumLibrary">
<msg time="2026-03-03T16:05:16.359164" level="INFO">Element 'css=[data-testid="input-email"]' is displayed.</msg>
<arg>${locator}</arg>
<arg>${TIMEOUT}</arg>
<doc>Verifies that the element identified by ``locator`` is visible.</doc>
<status status="PASS" start="2026-03-03T16:05:16.331381" elapsed="0.028037"/>
</kw>
<arg>${LOGIN_EMAIL}</arg>
<status status="PASS" start="2026-03-03T16:05:16.330005" elapsed="0.029717"/>
</kw>
<doc>La page de login doit petre visible</doc>
<status status="PASS" start="2026-03-03T16:05:16.328906" elapsed="0.031026"/>
</kw>
<doc>Déconnexion et retour à la page login</doc>
<status status="PASS" start="2026-03-03T16:05:16.107506" elapsed="0.252613"/>
</kw>
<doc>login standard -&gt; app visible -&gt; logout</doc>
<tag>nightly</tag>
<tag>smoke</tag>
<status status="PASS" start="2026-03-03T16:05:14.446987" elapsed="1.913680"/>
</test>
<test id="s1-s1-t3" name="Login Et Logout 2FA" line="35">
<kw name="Se Rendre Sur La Page De Login" owner="auth_service" type="SETUP">
<kw name="Aller A La Page De Login" owner="login_page">
<kw name="Aller Vers L'URL" owner="socle">
<kw name="Go To" owner="SeleniumLibrary">
<msg time="2026-03-03T16:05:16.366083" level="INFO">Opening url 'http://localhost:8080'</msg>
<arg>${URL}</arg>
<doc>Navigates the current browser window to the provided ``url``.</doc>
<status status="PASS" start="2026-03-03T16:05:16.365646" elapsed="0.098408"/>
</kw>
<arg>${BASE_URL}</arg>
<status status="PASS" start="2026-03-03T16:05:16.364866" elapsed="0.099462"/>
</kw>
<doc>Aller vers la page de login</doc>
<status status="PASS" start="2026-03-03T16:05:16.364099" elapsed="0.100420"/>
</kw>
<kw name="Run Keyword And Ignore Error" owner="BuiltIn">
<kw name="Logout" owner="auth_service">
<kw name="Cliquer sur &quot;Déconnexion&quot;" owner="login_page">
<kw name="L'Element Doit Etre Visible" owner="socle">
<kw name="Element Should Be Visible" owner="SeleniumLibrary">
<msg time="2026-03-03T16:05:16.745543" level="INFO" html="true">&lt;/td&gt;&lt;/tr&gt;&lt;tr&gt;&lt;td colspan="3"&gt;&lt;a href="selenium-screenshot-98.png"&gt;&lt;img src="selenium-screenshot-98.png" width="800px"&gt;&lt;/a&gt;</msg>
<msg time="2026-03-03T16:05:16.745842" level="FAIL">Element with locator 'css=[data-testid="btn-logout"]' not found.</msg>
<arg>${locator}</arg>
<arg>${TIMEOUT}</arg>
<doc>Verifies that the element identified by ``locator`` is visible.</doc>
<status status="FAIL" start="2026-03-03T16:05:16.472063" elapsed="0.274106">Element with locator 'css=[data-testid="btn-logout"]' not found.</status>
</kw>
<arg>${BTN_LOGOUT}</arg>
<status status="FAIL" start="2026-03-03T16:05:16.470345" elapsed="0.276159">Element with locator 'css=[data-testid="btn-logout"]' not found.</status>
</kw>
<kw name="Cliquer Sur Le Bouton" owner="socle">
<arg>${BTN_LOGOUT}</arg>
<status status="NOT RUN" start="2026-03-03T16:05:16.747056" elapsed="0.000107"/>
</kw>
<doc>Cliquer sur le bouton "déconnexion"</doc>
<status status="FAIL" start="2026-03-03T16:05:16.469397" elapsed="0.278030">Element with locator 'css=[data-testid="btn-logout"]' not found.</status>
</kw>
<kw name="La Page &quot;Login&quot; Est Visible" owner="login_page">
<doc>La page de login doit petre visible</doc>
<status status="NOT RUN" start="2026-03-03T16:05:16.749259" elapsed="0.000133"/>
</kw>
<doc>Déconnexion et retour à la page login</doc>
<status status="FAIL" start="2026-03-03T16:05:16.468361" elapsed="0.281299">Element with locator 'css=[data-testid="btn-logout"]' not found.</status>
</kw>
<arg>Logout</arg>
<doc>Runs the given keyword with the given arguments and ignores possible error.</doc>
<status status="PASS" start="2026-03-03T16:05:16.464931" elapsed="0.284931"/>
</kw>
<kw name="Aller A La Page De Login" owner="login_page">
<kw name="Aller Vers L'URL" owner="socle">
<kw name="Go To" owner="SeleniumLibrary">
<msg time="2026-03-03T16:05:16.755297" level="INFO">Opening url 'http://localhost:8080'</msg>
<arg>${URL}</arg>
<doc>Navigates the current browser window to the provided ``url``.</doc>
<status status="PASS" start="2026-03-03T16:05:16.754793" elapsed="0.082997"/>
</kw>
<arg>${BASE_URL}</arg>
<status status="PASS" start="2026-03-03T16:05:16.751145" elapsed="0.086893"/>
</kw>
<doc>Aller vers la page de login</doc>
<status status="PASS" start="2026-03-03T16:05:16.750325" elapsed="0.087884"/>
</kw>
<kw name="La Page &quot;Login&quot; Est Visible" owner="login_page">
<kw name="L'Element Doit Etre Visible" owner="socle">
<kw name="Element Should Be Visible" owner="SeleniumLibrary">
<msg time="2026-03-03T16:05:16.880225" level="INFO">Element 'css=[data-testid="input-email"]' is displayed.</msg>
<arg>${locator}</arg>
<arg>${TIMEOUT}</arg>
<doc>Verifies that the element identified by ``locator`` is visible.</doc>
<status status="PASS" start="2026-03-03T16:05:16.840611" elapsed="0.040393"/>
</kw>
<arg>${LOGIN_EMAIL}</arg>
<status status="PASS" start="2026-03-03T16:05:16.839483" elapsed="0.041863"/>
</kw>
<doc>La page de login doit petre visible</doc>
<status status="PASS" start="2026-03-03T16:05:16.838669" elapsed="0.042850"/>
</kw>
<doc>Aller vers la Page de login - service</doc>
<status status="PASS" start="2026-03-03T16:05:16.363056" elapsed="0.518610"/>
</kw>
<kw name="Login Avec Identifiants" owner="auth_service">
<kw name="La Page &quot;Login&quot; Est Visible" owner="login_page">
<kw name="L'Element Doit Etre Visible" owner="socle">
<kw name="Element Should Be Visible" owner="SeleniumLibrary">
<msg time="2026-03-03T16:05:16.911741" level="INFO">Element 'css=[data-testid="input-email"]' is displayed.</msg>
<arg>${locator}</arg>
<arg>${TIMEOUT}</arg>
<doc>Verifies that the element identified by ``locator`` is visible.</doc>
<status status="PASS" start="2026-03-03T16:05:16.886429" elapsed="0.025526"/>
</kw>
<arg>${LOGIN_EMAIL}</arg>
<status status="PASS" start="2026-03-03T16:05:16.885447" elapsed="0.026767"/>
</kw>
<doc>La page de login doit petre visible</doc>
<status status="PASS" start="2026-03-03T16:05:16.884459" elapsed="0.027926"/>
</kw>
<kw name="Saisir Email" owner="login_page">
<kw name="Saisir Le Texte" owner="socle">
<kw name="Clear Element Text" owner="SeleniumLibrary">
<arg>${locator}</arg>
<doc>Clears the value of the text-input-element identified by ``locator``.</doc>
<status status="PASS" start="2026-03-03T16:05:16.914679" elapsed="0.058577"/>
</kw>
<kw name="Wait Until Element Is Visible" owner="SeleniumLibrary">
<arg>${locator}</arg>
<arg>${TIMEOUT}</arg>
<doc>Waits until the element ``locator`` is visible.</doc>
<status status="PASS" start="2026-03-03T16:05:16.973741" elapsed="0.038614"/>
</kw>
<kw name="Input Text" owner="SeleniumLibrary">
<msg time="2026-03-03T16:05:17.013777" level="INFO">Typing text 'marie.martin@email.com' into text field 'css=[data-testid="input-email"]'.</msg>
<arg>${locator}</arg>
<arg>${text}</arg>
<doc>Types the given ``text`` into the text field identified by ``locator``.</doc>
<status status="PASS" start="2026-03-03T16:05:17.013002" elapsed="0.200686"/>
</kw>
<arg>${LOGIN_EMAIL}</arg>
<arg>${email}</arg>
<status status="PASS" start="2026-03-03T16:05:16.913825" elapsed="0.300245"/>
</kw>
<arg>${email}</arg>
<doc>Saisir l'email</doc>
<status status="PASS" start="2026-03-03T16:05:16.912859" elapsed="0.301450"/>
</kw>
<kw name="Saisir Mot De Passe" owner="login_page">
<kw name="Saisir Le Mot De Passe" owner="socle">
<kw name="Clear Element Text" owner="SeleniumLibrary">
<arg>${locator}</arg>
<doc>Clears the value of the text-input-element identified by ``locator``.</doc>
<status status="PASS" start="2026-03-03T16:05:17.217973" elapsed="0.095687"/>
</kw>
<kw name="Wait Until Element Is Visible" owner="SeleniumLibrary">
<arg>${locator}</arg>
<arg>${TIMEOUT}</arg>
<doc>Waits until the element ``locator`` is visible.</doc>
<status status="PASS" start="2026-03-03T16:05:17.314159" elapsed="0.083162"/>
</kw>
<kw name="Input Password" owner="SeleniumLibrary">
<msg time="2026-03-03T16:05:17.398639" level="INFO">Typing password into text field 'css=[data-testid="input-password"]'.</msg>
<msg time="2026-03-03T16:05:17.492667" level="INFO">Temporally setting log level to: NONE</msg>
<arg>${locator}</arg>
<arg>${pswd}</arg>
<doc>Types the given password into the text field identified by ``locator``.</doc>
<status status="PASS" start="2026-03-03T16:05:17.397860" elapsed="0.229187"/>
</kw>
<arg>${LOGIN_PASSWORD}</arg>
<arg>${password}</arg>
<status status="PASS" start="2026-03-03T16:05:17.216308" elapsed="0.411012"/>
</kw>
<kw name="Cliquer Sur Le Bouton" owner="socle">
<kw name="Wait Until Element Is Visible" owner="SeleniumLibrary">
<arg>${locator}</arg>
<arg>${TIMEOUT}</arg>
<doc>Waits until the element ``locator`` is visible.</doc>
<status status="PASS" start="2026-03-03T16:05:17.629261" elapsed="0.044635"/>
</kw>
<kw name="Click Button" owner="SeleniumLibrary">
<msg time="2026-03-03T16:05:17.676473" level="INFO">Clicking button 'css=[data-testid="btn-login"]'.</msg>
<arg>${locator}</arg>
<doc>Clicks the button identified by ``locator``.</doc>
<status status="PASS" start="2026-03-03T16:05:17.674601" elapsed="0.193429"/>
</kw>
<arg>${LOGIN_SUBMIT}</arg>
<status status="PASS" start="2026-03-03T16:05:17.628141" elapsed="0.240155"/>
</kw>
<arg>${password}</arg>
<doc>Saisir le mot de passe</doc>
<status status="PASS" start="2026-03-03T16:05:17.215038" elapsed="0.653478"/>
</kw>
<arg>${USER_2FA_EMAIL}</arg>
<arg>${USER_2FA_PASSWORD}</arg>
<doc>Saisit les identifiants et soumet le formulaire de login</doc>
<status status="PASS" start="2026-03-03T16:05:16.882408" elapsed="0.986281"/>
</kw>
<kw name="Se connecter 2FA" owner="auth_service">
<kw name="La Page &quot;2FA&quot; Est Visible" owner="2FA_page">
<kw name="L'Element Doit Etre Visible" owner="socle">
<kw name="Element Should Be Visible" owner="SeleniumLibrary">
<msg time="2026-03-03T16:05:17.933514" level="INFO">Element 'css=[data-testid="2fa-code-0"]' is displayed.</msg>
<arg>${locator}</arg>
<arg>${TIMEOUT}</arg>
<doc>Verifies that the element identified by ``locator`` is visible.</doc>
<status status="PASS" start="2026-03-03T16:05:17.879668" elapsed="0.054088"/>
</kw>
<arg>${2FA_CODE_0}</arg>
<status status="PASS" start="2026-03-03T16:05:17.878227" elapsed="0.055758"/>
</kw>
<kw name="L'Element Doit Etre Visible" owner="socle">
<kw name="Element Should Be Visible" owner="SeleniumLibrary">
<msg time="2026-03-03T16:05:17.978098" level="INFO">Element 'css=[data-testid="btn-verify-2fa"]' is displayed.</msg>
<arg>${locator}</arg>
<arg>${TIMEOUT}</arg>
<doc>Verifies that the element identified by ``locator`` is visible.</doc>
<status status="PASS" start="2026-03-03T16:05:17.935774" elapsed="0.042595"/>
</kw>
<arg>${2FA_VERIFY}</arg>
<status status="PASS" start="2026-03-03T16:05:17.934443" elapsed="0.044194"/>
</kw>
<doc>Vérifie que l'écran 2FA est affiché (6 inputs + bouton Vérifier)</doc>
<status status="PASS" start="2026-03-03T16:05:17.877367" elapsed="0.101746"/>
</kw>
<kw name="Saisir Le Code 2FA" owner="2FA_page">
<kw name="Get Substring" owner="String">
<msg time="2026-03-03T16:05:17.982534" level="INFO">${c0} = 1</msg>
<var>${c0}</var>
<arg>${code}</arg>
<arg>0</arg>
<arg>1</arg>
<doc>Returns a substring from ``start`` index to ``end`` index.</doc>
<status status="PASS" start="2026-03-03T16:05:17.981578" elapsed="0.001067"/>
</kw>
<kw name="Get Substring" owner="String">
<msg time="2026-03-03T16:05:17.984004" level="INFO">${c1} = 2</msg>
<var>${c1}</var>
<arg>${code}</arg>
<arg>1</arg>
<arg>2</arg>
<doc>Returns a substring from ``start`` index to ``end`` index.</doc>
<status status="PASS" start="2026-03-03T16:05:17.983157" elapsed="0.000934"/>
</kw>
<kw name="Get Substring" owner="String">
<msg time="2026-03-03T16:05:17.985586" level="INFO">${c2} = 3</msg>
<var>${c2}</var>
<arg>${code}</arg>
<arg>2</arg>
<arg>3</arg>
<doc>Returns a substring from ``start`` index to ``end`` index.</doc>
<status status="PASS" start="2026-03-03T16:05:17.984531" elapsed="0.001205"/>
</kw>
<kw name="Get Substring" owner="String">
<msg time="2026-03-03T16:05:17.987531" level="INFO">${c3} = 4</msg>
<var>${c3}</var>
<arg>${code}</arg>
<arg>3</arg>
<arg>4</arg>
<doc>Returns a substring from ``start`` index to ``end`` index.</doc>
<status status="PASS" start="2026-03-03T16:05:17.986251" elapsed="0.001402"/>
</kw>
<kw name="Get Substring" owner="String">
<msg time="2026-03-03T16:05:17.990207" level="INFO">${c4} = 5</msg>
<var>${c4}</var>
<arg>${code}</arg>
<arg>4</arg>
<arg>5</arg>
<doc>Returns a substring from ``start`` index to ``end`` index.</doc>
<status status="PASS" start="2026-03-03T16:05:17.988545" elapsed="0.001812"/>
</kw>
<kw name="Get Substring" owner="String">
<msg time="2026-03-03T16:05:17.992766" level="INFO">${c5} = 6</msg>
<var>${c5}</var>
<arg>${code}</arg>
<arg>5</arg>
<arg>6</arg>
<doc>Returns a substring from ``start`` index to ``end`` index.</doc>
<status status="PASS" start="2026-03-03T16:05:17.991287" elapsed="0.001597"/>
</kw>
<kw name="Saisir Le Texte" owner="socle">
<kw name="Clear Element Text" owner="SeleniumLibrary">
<arg>${locator}</arg>
<doc>Clears the value of the text-input-element identified by ``locator``.</doc>
<status status="PASS" start="2026-03-03T16:05:17.994685" elapsed="0.064122"/>
</kw>
<kw name="Wait Until Element Is Visible" owner="SeleniumLibrary">
<arg>${locator}</arg>
<arg>${TIMEOUT}</arg>
<doc>Waits until the element ``locator`` is visible.</doc>
<status status="PASS" start="2026-03-03T16:05:18.059322" elapsed="0.048673"/>
</kw>
<kw name="Input Text" owner="SeleniumLibrary">
<msg time="2026-03-03T16:05:18.109437" level="INFO">Typing text '1' into text field 'css=[data-testid="2fa-code-0"]'.</msg>
<arg>${locator}</arg>
<arg>${text}</arg>
<doc>Types the given ``text`` into the text field identified by ``locator``.</doc>
<status status="PASS" start="2026-03-03T16:05:18.108597" elapsed="0.192060"/>
</kw>
<arg>${2FA_CODE_0}</arg>
<arg>${c0}</arg>
<status status="PASS" start="2026-03-03T16:05:17.993517" elapsed="0.307471"/>
</kw>
<kw name="Saisir Le Texte" owner="socle">
<kw name="Clear Element Text" owner="SeleniumLibrary">
<arg>${locator}</arg>
<doc>Clears the value of the text-input-element identified by ``locator``.</doc>
<status status="PASS" start="2026-03-03T16:05:18.304281" elapsed="0.059295"/>
</kw>
<kw name="Wait Until Element Is Visible" owner="SeleniumLibrary">
<arg>${locator}</arg>
<arg>${TIMEOUT}</arg>
<doc>Waits until the element ``locator`` is visible.</doc>
<status status="PASS" start="2026-03-03T16:05:18.363987" elapsed="0.020896"/>
</kw>
<kw name="Input Text" owner="SeleniumLibrary">
<msg time="2026-03-03T16:05:18.385978" level="INFO">Typing text '2' into text field 'css=[data-testid="2fa-code-1"]'.</msg>
<arg>${locator}</arg>
<arg>${text}</arg>
<doc>Types the given ``text`` into the text field identified by ``locator``.</doc>
<status status="PASS" start="2026-03-03T16:05:18.385317" elapsed="0.112178"/>
</kw>
<arg>${2FA_CODE_1}</arg>
<arg>${c1}</arg>
<status status="PASS" start="2026-03-03T16:05:18.301595" elapsed="0.196224"/>
</kw>
<kw name="Saisir Le Texte" owner="socle">
<kw name="Clear Element Text" owner="SeleniumLibrary">
<arg>${locator}</arg>
<doc>Clears the value of the text-input-element identified by ``locator``.</doc>
<status status="PASS" start="2026-03-03T16:05:18.500009" elapsed="0.066281"/>
</kw>
<kw name="Wait Until Element Is Visible" owner="SeleniumLibrary">
<arg>${locator}</arg>
<arg>${TIMEOUT}</arg>
<doc>Waits until the element ``locator`` is visible.</doc>
<status status="PASS" start="2026-03-03T16:05:18.569285" elapsed="0.026543"/>
</kw>
<kw name="Input Text" owner="SeleniumLibrary">
<msg time="2026-03-03T16:05:18.596877" level="INFO">Typing text '3' into text field 'css=[data-testid="2fa-code-2"]'.</msg>
<arg>${locator}</arg>
<arg>${text}</arg>
<doc>Types the given ``text`` into the text field identified by ``locator``.</doc>
<status status="PASS" start="2026-03-03T16:05:18.596238" elapsed="0.118710"/>
</kw>
<arg>${2FA_CODE_2}</arg>
<arg>${c2}</arg>
<status status="PASS" start="2026-03-03T16:05:18.498326" elapsed="0.216867"/>
</kw>
<kw name="Saisir Le Texte" owner="socle">
<kw name="Clear Element Text" owner="SeleniumLibrary">
<arg>${locator}</arg>
<doc>Clears the value of the text-input-element identified by ``locator``.</doc>
<status status="PASS" start="2026-03-03T16:05:18.717712" elapsed="0.062317"/>
</kw>
<kw name="Wait Until Element Is Visible" owner="SeleniumLibrary">
<arg>${locator}</arg>
<arg>${TIMEOUT}</arg>
<doc>Waits until the element ``locator`` is visible.</doc>
<status status="PASS" start="2026-03-03T16:05:18.780458" elapsed="0.025051"/>
</kw>
<kw name="Input Text" owner="SeleniumLibrary">
<msg time="2026-03-03T16:05:18.806632" level="INFO">Typing text '4' into text field 'css=[data-testid="2fa-code-3"]'.</msg>
<arg>${locator}</arg>
<arg>${text}</arg>
<doc>Types the given ``text`` into the text field identified by ``locator``.</doc>
<status status="PASS" start="2026-03-03T16:05:18.805998" elapsed="0.097536"/>
</kw>
<arg>${2FA_CODE_3}</arg>
<arg>${c3}</arg>
<status status="PASS" start="2026-03-03T16:05:18.715691" elapsed="0.188161"/>
</kw>
<kw name="Saisir Le Texte" owner="socle">
<kw name="Clear Element Text" owner="SeleniumLibrary">
<arg>${locator}</arg>
<doc>Clears the value of the text-input-element identified by ``locator``.</doc>
<status status="PASS" start="2026-03-03T16:05:18.905990" elapsed="0.089845"/>
</kw>
<kw name="Wait Until Element Is Visible" owner="SeleniumLibrary">
<arg>${locator}</arg>
<arg>${TIMEOUT}</arg>
<doc>Waits until the element ``locator`` is visible.</doc>
<status status="PASS" start="2026-03-03T16:05:18.996269" elapsed="0.029311"/>
</kw>
<kw name="Input Text" owner="SeleniumLibrary">
<msg time="2026-03-03T16:05:19.026636" level="INFO">Typing text '5' into text field 'css=[data-testid="2fa-code-4"]'.</msg>
<arg>${locator}</arg>
<arg>${text}</arg>
<doc>Types the given ``text`` into the text field identified by ``locator``.</doc>
<status status="PASS" start="2026-03-03T16:05:19.026031" elapsed="0.104001"/>
</kw>
<arg>${2FA_CODE_4}</arg>
<arg>${c4}</arg>
<status status="PASS" start="2026-03-03T16:05:18.904557" elapsed="0.225752"/>
</kw>
<kw name="Saisir Le Texte" owner="socle">
<kw name="Clear Element Text" owner="SeleniumLibrary">
<arg>${locator}</arg>
<doc>Clears the value of the text-input-element identified by ``locator``.</doc>
<status status="PASS" start="2026-03-03T16:05:19.132395" elapsed="0.086627"/>
</kw>
<kw name="Wait Until Element Is Visible" owner="SeleniumLibrary">
<arg>${locator}</arg>
<arg>${TIMEOUT}</arg>
<doc>Waits until the element ``locator`` is visible.</doc>
<status status="PASS" start="2026-03-03T16:05:19.219435" elapsed="0.030034"/>
</kw>
<kw name="Input Text" owner="SeleniumLibrary">
<msg time="2026-03-03T16:05:19.250933" level="INFO">Typing text '6' into text field 'css=[data-testid="2fa-code-5"]'.</msg>
<arg>${locator}</arg>
<arg>${text}</arg>
<doc>Types the given ``text`` into the text field identified by ``locator``.</doc>
<status status="PASS" start="2026-03-03T16:05:19.250010" elapsed="0.081998"/>
</kw>
<arg>${2FA_CODE_5}</arg>
<arg>${c5}</arg>
<status status="PASS" start="2026-03-03T16:05:19.131431" elapsed="0.200975"/>
</kw>
<kw name="Cliquer Sur Le Bouton" owner="socle">
<kw name="Wait Until Element Is Visible" owner="SeleniumLibrary">
<arg>${locator}</arg>
<arg>${TIMEOUT}</arg>
<doc>Waits until the element ``locator`` is visible.</doc>
<status status="PASS" start="2026-03-03T16:05:19.334141" elapsed="0.020640"/>
</kw>
<kw name="Click Button" owner="SeleniumLibrary">
<msg time="2026-03-03T16:05:19.355472" level="INFO">Clicking button 'css=[data-testid="btn-verify-2fa"]'.</msg>
<arg>${locator}</arg>
<doc>Clicks the button identified by ``locator``.</doc>
<status status="PASS" start="2026-03-03T16:05:19.355111" elapsed="0.111037"/>
</kw>
<arg>${2FA_VERIFY}</arg>
<status status="PASS" start="2026-03-03T16:05:19.333225" elapsed="0.133189"/>
</kw>
<arg>${USER_2FA_CODE}</arg>
<doc>Renseigne les 6 chiffres du code 2FA puis clique sur Vérifier</doc>
<status status="PASS" start="2026-03-03T16:05:17.979907" elapsed="1.486728"/>
</kw>
<kw name="La Page &quot;Commune&quot; Est Visible" owner="main_page">
<kw name="L'Element Doit Etre Visible" owner="socle">
<kw name="Element Should Be Visible" owner="SeleniumLibrary">
<msg time="2026-03-03T16:05:19.498741" level="INFO">Element 'css=[data-testid="tab-dashboard"]' is displayed.</msg>
<arg>${locator}</arg>
<arg>${TIMEOUT}</arg>
<doc>Verifies that the element identified by ``locator`` is visible.</doc>
<status status="PASS" start="2026-03-03T16:05:19.469720" elapsed="0.029214"/>
</kw>
<arg>${TAB_DASHBOARD}</arg>
<status status="PASS" start="2026-03-03T16:05:19.468371" elapsed="0.030779"/>
</kw>
<kw name="L'Element Doit Etre Visible" owner="socle">
<kw name="Element Should Be Visible" owner="SeleniumLibrary">
<msg time="2026-03-03T16:05:19.521189" level="INFO">Element 'css=[data-testid="btn-logout"]' is displayed.</msg>
<arg>${locator}</arg>
<arg>${TIMEOUT}</arg>
<doc>Verifies that the element identified by ``locator`` is visible.</doc>
<status status="PASS" start="2026-03-03T16:05:19.500424" elapsed="0.020939"/>
</kw>
<arg>${BTN_LOGOUT}</arg>
<status status="PASS" start="2026-03-03T16:05:19.499595" elapsed="0.022021"/>
</kw>
<doc>La page de login doit petre visible</doc>
<status status="PASS" start="2026-03-03T16:05:19.467119" elapsed="0.054660"/>
</kw>
<doc>Saisie du code pour le compte avec 2FA activé</doc>
<status status="PASS" start="2026-03-03T16:05:17.869428" elapsed="1.652485"/>
</kw>
<kw name="Logout" owner="auth_service">
<kw name="Cliquer sur &quot;Déconnexion&quot;" owner="login_page">
<kw name="L'Element Doit Etre Visible" owner="socle">
<kw name="Element Should Be Visible" owner="SeleniumLibrary">
<msg time="2026-03-03T16:05:19.550625" level="INFO">Element 'css=[data-testid="btn-logout"]' is displayed.</msg>
<arg>${locator}</arg>
<arg>${TIMEOUT}</arg>
<doc>Verifies that the element identified by ``locator`` is visible.</doc>
<status status="PASS" start="2026-03-03T16:05:19.526492" elapsed="0.024330"/>
</kw>
<arg>${BTN_LOGOUT}</arg>
<status status="PASS" start="2026-03-03T16:05:19.525222" elapsed="0.025811"/>
</kw>
<kw name="Cliquer Sur Le Bouton" owner="socle">
<kw name="Wait Until Element Is Visible" owner="SeleniumLibrary">
<arg>${locator}</arg>
<arg>${TIMEOUT}</arg>
<doc>Waits until the element ``locator`` is visible.</doc>
<status status="PASS" start="2026-03-03T16:05:19.552138" elapsed="0.033293"/>
</kw>
<kw name="Click Button" owner="SeleniumLibrary">
<msg time="2026-03-03T16:05:19.586615" level="INFO">Clicking button 'css=[data-testid="btn-logout"]'.</msg>
<arg>${locator}</arg>
<doc>Clicks the button identified by ``locator``.</doc>
<status status="PASS" start="2026-03-03T16:05:19.585877" elapsed="0.192060"/>
</kw>
<arg>${BTN_LOGOUT}</arg>
<status status="PASS" start="2026-03-03T16:05:19.551486" elapsed="0.226817"/>
</kw>
<doc>Cliquer sur le bouton "déconnexion"</doc>
<status status="PASS" start="2026-03-03T16:05:19.523844" elapsed="0.254674"/>
</kw>
<kw name="La Page &quot;Login&quot; Est Visible" owner="login_page">
<kw name="L'Element Doit Etre Visible" owner="socle">
<kw name="Element Should Be Visible" owner="SeleniumLibrary">
<msg time="2026-03-03T16:05:19.817323" level="INFO">Element 'css=[data-testid="input-email"]' is displayed.</msg>
<arg>${locator}</arg>
<arg>${TIMEOUT}</arg>
<doc>Verifies that the element identified by ``locator`` is visible.</doc>
<status status="PASS" start="2026-03-03T16:05:19.781071" elapsed="0.036460"/>
</kw>
<arg>${LOGIN_EMAIL}</arg>
<status status="PASS" start="2026-03-03T16:05:19.780078" elapsed="0.037711"/>
</kw>
<doc>La page de login doit petre visible</doc>
<status status="PASS" start="2026-03-03T16:05:19.779064" elapsed="0.038891"/>
</kw>
<doc>Déconnexion et retour à la page login</doc>
<status status="PASS" start="2026-03-03T16:05:19.522542" elapsed="0.295552"/>
</kw>
<doc>Connexion avec 2FA -&gt; dashboard visible -&gt; déconnexion -&gt; retour login</doc>
<tag>nightly</tag>
<tag>smoke</tag>
<status status="PASS" start="2026-03-03T16:05:16.361527" elapsed="3.457040"/>
</test>
<test id="s1-s1-t4" name="Mauvais Code Pour 2FA Affiche Une Erreur" line="50">
<kw name="Se Rendre Sur La Page De Login" owner="auth_service" type="SETUP">
<kw name="Aller A La Page De Login" owner="login_page">
<kw name="Aller Vers L'URL" owner="socle">
<kw name="Go To" owner="SeleniumLibrary">
<msg time="2026-03-03T16:05:19.824685" level="INFO">Opening url 'http://localhost:8080'</msg>
<arg>${URL}</arg>
<doc>Navigates the current browser window to the provided ``url``.</doc>
<status status="PASS" start="2026-03-03T16:05:19.823954" elapsed="0.082958"/>
</kw>
<arg>${BASE_URL}</arg>
<status status="PASS" start="2026-03-03T16:05:19.822843" elapsed="0.084755"/>
</kw>
<doc>Aller vers la page de login</doc>
<status status="PASS" start="2026-03-03T16:05:19.821714" elapsed="0.086199"/>
</kw>
<kw name="Run Keyword And Ignore Error" owner="BuiltIn">
<kw name="Logout" owner="auth_service">
<kw name="Cliquer sur &quot;Déconnexion&quot;" owner="login_page">
<kw name="L'Element Doit Etre Visible" owner="socle">
<kw name="Element Should Be Visible" owner="SeleniumLibrary">
<msg time="2026-03-03T16:05:20.177493" level="INFO" html="true">&lt;/td&gt;&lt;/tr&gt;&lt;tr&gt;&lt;td colspan="3"&gt;&lt;a href="selenium-screenshot-99.png"&gt;&lt;img src="selenium-screenshot-99.png" width="800px"&gt;&lt;/a&gt;</msg>
<msg time="2026-03-03T16:05:20.177796" level="FAIL">Element with locator 'css=[data-testid="btn-logout"]' not found.</msg>
<arg>${locator}</arg>
<arg>${TIMEOUT}</arg>
<doc>Verifies that the element identified by ``locator`` is visible.</doc>
<status status="FAIL" start="2026-03-03T16:05:19.917145" elapsed="0.260978">Element with locator 'css=[data-testid="btn-logout"]' not found.</status>
</kw>
<arg>${BTN_LOGOUT}</arg>
<status status="FAIL" start="2026-03-03T16:05:19.915890" elapsed="0.262789">Element with locator 'css=[data-testid="btn-logout"]' not found.</status>
</kw>
<kw name="Cliquer Sur Le Bouton" owner="socle">
<arg>${BTN_LOGOUT}</arg>
<status status="NOT RUN" start="2026-03-03T16:05:20.179241" elapsed="0.000112"/>
</kw>
<doc>Cliquer sur le bouton "déconnexion"</doc>
<status status="FAIL" start="2026-03-03T16:05:19.914769" elapsed="0.264825">Element with locator 'css=[data-testid="btn-logout"]' not found.</status>
</kw>
<kw name="La Page &quot;Login&quot; Est Visible" owner="login_page">
<doc>La page de login doit petre visible</doc>
<status status="NOT RUN" start="2026-03-03T16:05:20.180041" elapsed="0.000094"/>
</kw>
<doc>Déconnexion et retour à la page login</doc>
<status status="FAIL" start="2026-03-03T16:05:19.913402" elapsed="0.266984">Element with locator 'css=[data-testid="btn-logout"]' not found.</status>
</kw>
<arg>Logout</arg>
<doc>Runs the given keyword with the given arguments and ignores possible error.</doc>
<status status="PASS" start="2026-03-03T16:05:19.908353" elapsed="0.272211"/>
</kw>
<kw name="Aller A La Page De Login" owner="login_page">
<kw name="Aller Vers L'URL" owner="socle">
<kw name="Go To" owner="SeleniumLibrary">
<msg time="2026-03-03T16:05:20.183108" level="INFO">Opening url 'http://localhost:8080'</msg>
<arg>${URL}</arg>
<doc>Navigates the current browser window to the provided ``url``.</doc>
<status status="PASS" start="2026-03-03T16:05:20.182543" elapsed="0.070300"/>
</kw>
<arg>${BASE_URL}</arg>
<status status="PASS" start="2026-03-03T16:05:20.181721" elapsed="0.071362"/>
</kw>
<doc>Aller vers la page de login</doc>
<status status="PASS" start="2026-03-03T16:05:20.181006" elapsed="0.072229"/>
</kw>
<kw name="La Page &quot;Login&quot; Est Visible" owner="login_page">
<kw name="L'Element Doit Etre Visible" owner="socle">
<kw name="Element Should Be Visible" owner="SeleniumLibrary">
<msg time="2026-03-03T16:05:20.314677" level="INFO">Element 'css=[data-testid="input-email"]' is displayed.</msg>
<arg>${locator}</arg>
<arg>${TIMEOUT}</arg>
<doc>Verifies that the element identified by ``locator`` is visible.</doc>
<status status="PASS" start="2026-03-03T16:05:20.260935" elapsed="0.053986"/>
</kw>
<arg>${LOGIN_EMAIL}</arg>
<status status="PASS" start="2026-03-03T16:05:20.259765" elapsed="0.055504"/>
</kw>
<doc>La page de login doit petre visible</doc>
<status status="PASS" start="2026-03-03T16:05:20.253713" elapsed="0.061758"/>
</kw>
<doc>Aller vers la Page de login - service</doc>
<status status="PASS" start="2026-03-03T16:05:19.820732" elapsed="0.495121"/>
</kw>
<kw name="Login Avec Identifiants" owner="auth_service">
<kw name="La Page &quot;Login&quot; Est Visible" owner="login_page">
<kw name="L'Element Doit Etre Visible" owner="socle">
<kw name="Element Should Be Visible" owner="SeleniumLibrary">
<msg time="2026-03-03T16:05:20.343118" level="INFO">Element 'css=[data-testid="input-email"]' is displayed.</msg>
<arg>${locator}</arg>
<arg>${TIMEOUT}</arg>
<doc>Verifies that the element identified by ``locator`` is visible.</doc>
<status status="PASS" start="2026-03-03T16:05:20.319574" elapsed="0.023728"/>
</kw>
<arg>${LOGIN_EMAIL}</arg>
<status status="PASS" start="2026-03-03T16:05:20.318631" elapsed="0.024869"/>
</kw>
<doc>La page de login doit petre visible</doc>
<status status="PASS" start="2026-03-03T16:05:20.317862" elapsed="0.025774"/>
</kw>
<kw name="Saisir Email" owner="login_page">
<kw name="Saisir Le Texte" owner="socle">
<kw name="Clear Element Text" owner="SeleniumLibrary">
<arg>${locator}</arg>
<doc>Clears the value of the text-input-element identified by ``locator``.</doc>
<status status="PASS" start="2026-03-03T16:05:20.346230" elapsed="0.048516"/>
</kw>
<kw name="Wait Until Element Is Visible" owner="SeleniumLibrary">
<arg>${locator}</arg>
<arg>${TIMEOUT}</arg>
<doc>Waits until the element ``locator`` is visible.</doc>
<status status="PASS" start="2026-03-03T16:05:20.395424" elapsed="0.020657"/>
</kw>
<kw name="Input Text" owner="SeleniumLibrary">
<msg time="2026-03-03T16:05:20.417423" level="INFO">Typing text 'marie.martin@email.com' into text field 'css=[data-testid="input-email"]'.</msg>
<arg>${locator}</arg>
<arg>${text}</arg>
<doc>Types the given ``text`` into the text field identified by ``locator``.</doc>
<status status="PASS" start="2026-03-03T16:05:20.416581" elapsed="0.268944"/>
</kw>
<arg>${LOGIN_EMAIL}</arg>
<arg>${email}</arg>
<status status="PASS" start="2026-03-03T16:05:20.345041" elapsed="0.340746"/>
</kw>
<arg>${email}</arg>
<doc>Saisir l'email</doc>
<status status="PASS" start="2026-03-03T16:05:20.344065" elapsed="0.341886"/>
</kw>
<kw name="Saisir Mot De Passe" owner="login_page">
<kw name="Saisir Le Mot De Passe" owner="socle">
<kw name="Clear Element Text" owner="SeleniumLibrary">
<arg>${locator}</arg>
<doc>Clears the value of the text-input-element identified by ``locator``.</doc>
<status status="PASS" start="2026-03-03T16:05:20.698099" elapsed="0.101744"/>
</kw>
<kw name="Wait Until Element Is Visible" owner="SeleniumLibrary">
<arg>${locator}</arg>
<arg>${TIMEOUT}</arg>
<doc>Waits until the element ``locator`` is visible.</doc>
<status status="PASS" start="2026-03-03T16:05:20.800299" elapsed="0.045940"/>
</kw>
<kw name="Input Password" owner="SeleniumLibrary">
<msg time="2026-03-03T16:05:20.847178" level="INFO">Typing password into text field 'css=[data-testid="input-password"]'.</msg>
<msg time="2026-03-03T16:05:20.905011" level="INFO">Temporally setting log level to: NONE</msg>
<arg>${locator}</arg>
<arg>${pswd}</arg>
<doc>Types the given password into the text field identified by ``locator``.</doc>
<status status="PASS" start="2026-03-03T16:05:20.846710" elapsed="0.182576"/>
</kw>
<arg>${LOGIN_PASSWORD}</arg>
<arg>${password}</arg>
<status status="PASS" start="2026-03-03T16:05:20.695454" elapsed="0.334149"/>
</kw>
<kw name="Cliquer Sur Le Bouton" owner="socle">
<kw name="Wait Until Element Is Visible" owner="SeleniumLibrary">
<arg>${locator}</arg>
<arg>${TIMEOUT}</arg>
<doc>Waits until the element ``locator`` is visible.</doc>
<status status="PASS" start="2026-03-03T16:05:21.031603" elapsed="0.031767"/>
</kw>
<kw name="Click Button" owner="SeleniumLibrary">
<msg time="2026-03-03T16:05:21.064413" level="INFO">Clicking button 'css=[data-testid="btn-login"]'.</msg>
<arg>${locator}</arg>
<doc>Clicks the button identified by ``locator``.</doc>
<status status="PASS" start="2026-03-03T16:05:21.063850" elapsed="0.233499"/>
</kw>
<arg>${LOGIN_SUBMIT}</arg>
<status status="PASS" start="2026-03-03T16:05:21.030225" elapsed="0.267416"/>
</kw>
<arg>${password}</arg>
<doc>Saisir le mot de passe</doc>
<status status="PASS" start="2026-03-03T16:05:20.686436" elapsed="0.611478"/>
</kw>
<arg>${USER_2FA_EMAIL}</arg>
<arg>${USER_2FA_PASSWORD}</arg>
<doc>Saisit les identifiants et soumet le formulaire de login</doc>
<status status="PASS" start="2026-03-03T16:05:20.316874" elapsed="0.981253"/>
</kw>
<kw name="La Page &quot;2FA&quot; Est Visible" owner="2FA_page">
<kw name="L'Element Doit Etre Visible" owner="socle">
<kw name="Element Should Be Visible" owner="SeleniumLibrary">
<msg time="2026-03-03T16:05:21.338549" level="INFO">Element 'css=[data-testid="2fa-code-0"]' is displayed.</msg>
<arg>${locator}</arg>
<arg>${TIMEOUT}</arg>
<doc>Verifies that the element identified by ``locator`` is visible.</doc>
<status status="PASS" start="2026-03-03T16:05:21.301341" elapsed="0.037516"/>
</kw>
<arg>${2FA_CODE_0}</arg>
<status status="PASS" start="2026-03-03T16:05:21.300338" elapsed="0.038812"/>
</kw>
<kw name="L'Element Doit Etre Visible" owner="socle">
<kw name="Element Should Be Visible" owner="SeleniumLibrary">
<msg time="2026-03-03T16:05:21.370923" level="INFO">Element 'css=[data-testid="btn-verify-2fa"]' is displayed.</msg>
<arg>${locator}</arg>
<arg>${TIMEOUT}</arg>
<doc>Verifies that the element identified by ``locator`` is visible.</doc>
<status status="PASS" start="2026-03-03T16:05:21.340636" elapsed="0.030487"/>
</kw>
<arg>${2FA_VERIFY}</arg>
<status status="PASS" start="2026-03-03T16:05:21.339707" elapsed="0.031631"/>
</kw>
<doc>Vérifie que l'écran 2FA est affiché (6 inputs + bouton Vérifier)</doc>
<status status="PASS" start="2026-03-03T16:05:21.298910" elapsed="0.072577"/>
</kw>
<kw name="Saisir Le Code 2FA" owner="2FA_page">
<kw name="Get Substring" owner="String">
<msg time="2026-03-03T16:05:21.374597" level="INFO">${c0} = 0</msg>
<var>${c0}</var>
<arg>${code}</arg>
<arg>0</arg>
<arg>1</arg>
<doc>Returns a substring from ``start`` index to ``end`` index.</doc>
<status status="PASS" start="2026-03-03T16:05:21.373813" elapsed="0.000875"/>
</kw>
<kw name="Get Substring" owner="String">
<msg time="2026-03-03T16:05:21.376347" level="INFO">${c1} = 0</msg>
<var>${c1}</var>
<arg>${code}</arg>
<arg>1</arg>
<arg>2</arg>
<doc>Returns a substring from ``start`` index to ``end`` index.</doc>
<status status="PASS" start="2026-03-03T16:05:21.375606" elapsed="0.000835"/>
</kw>
<kw name="Get Substring" owner="String">
<msg time="2026-03-03T16:05:21.378083" level="INFO">${c2} = 0</msg>
<var>${c2}</var>
<arg>${code}</arg>
<arg>2</arg>
<arg>3</arg>
<doc>Returns a substring from ``start`` index to ``end`` index.</doc>
<status status="PASS" start="2026-03-03T16:05:21.377310" elapsed="0.000924"/>
</kw>
<kw name="Get Substring" owner="String">
<msg time="2026-03-03T16:05:21.379480" level="INFO">${c3} = 0</msg>
<var>${c3}</var>
<arg>${code}</arg>
<arg>3</arg>
<arg>4</arg>
<doc>Returns a substring from ``start`` index to ``end`` index.</doc>
<status status="PASS" start="2026-03-03T16:05:21.378651" elapsed="0.000935"/>
</kw>
<kw name="Get Substring" owner="String">
<msg time="2026-03-03T16:05:21.380955" level="INFO">${c4} = 0</msg>
<var>${c4}</var>
<arg>${code}</arg>
<arg>4</arg>
<arg>5</arg>
<doc>Returns a substring from ``start`` index to ``end`` index.</doc>
<status status="PASS" start="2026-03-03T16:05:21.380102" elapsed="0.000951"/>
</kw>
<kw name="Get Substring" owner="String">
<msg time="2026-03-03T16:05:21.382262" level="INFO">${c5} = 0</msg>
<var>${c5}</var>
<arg>${code}</arg>
<arg>5</arg>
<arg>6</arg>
<doc>Returns a substring from ``start`` index to ``end`` index.</doc>
<status status="PASS" start="2026-03-03T16:05:21.381458" elapsed="0.001093"/>
</kw>
<kw name="Saisir Le Texte" owner="socle">
<kw name="Clear Element Text" owner="SeleniumLibrary">
<arg>${locator}</arg>
<doc>Clears the value of the text-input-element identified by ``locator``.</doc>
<status status="PASS" start="2026-03-03T16:05:21.384286" elapsed="0.065663"/>
</kw>
<kw name="Wait Until Element Is Visible" owner="SeleniumLibrary">
<arg>${locator}</arg>
<arg>${TIMEOUT}</arg>
<doc>Waits until the element ``locator`` is visible.</doc>
<status status="PASS" start="2026-03-03T16:05:21.450422" elapsed="0.026249"/>
</kw>
<kw name="Input Text" owner="SeleniumLibrary">
<msg time="2026-03-03T16:05:21.477676" level="INFO">Typing text '0' into text field 'css=[data-testid="2fa-code-0"]'.</msg>
<arg>${locator}</arg>
<arg>${text}</arg>
<doc>Types the given ``text`` into the text field identified by ``locator``.</doc>
<status status="PASS" start="2026-03-03T16:05:21.477115" elapsed="0.121288"/>
</kw>
<arg>${2FA_CODE_0}</arg>
<arg>${c0}</arg>
<status status="PASS" start="2026-03-03T16:05:21.383286" elapsed="0.215455"/>
</kw>
<kw name="Saisir Le Texte" owner="socle">
<kw name="Clear Element Text" owner="SeleniumLibrary">
<arg>${locator}</arg>
<doc>Clears the value of the text-input-element identified by ``locator``.</doc>
<status status="PASS" start="2026-03-03T16:05:21.602148" elapsed="0.089499"/>
</kw>
<kw name="Wait Until Element Is Visible" owner="SeleniumLibrary">
<arg>${locator}</arg>
<arg>${TIMEOUT}</arg>
<doc>Waits until the element ``locator`` is visible.</doc>
<status status="PASS" start="2026-03-03T16:05:21.692135" elapsed="0.029472"/>
</kw>
<kw name="Input Text" owner="SeleniumLibrary">
<msg time="2026-03-03T16:05:21.722892" level="INFO">Typing text '0' into text field 'css=[data-testid="2fa-code-1"]'.</msg>
<arg>${locator}</arg>
<arg>${text}</arg>
<doc>Types the given ``text`` into the text field identified by ``locator``.</doc>
<status status="PASS" start="2026-03-03T16:05:21.722093" elapsed="0.119003"/>
</kw>
<arg>${2FA_CODE_1}</arg>
<arg>${c1}</arg>
<status status="PASS" start="2026-03-03T16:05:21.599545" elapsed="0.241965"/>
</kw>
<kw name="Saisir Le Texte" owner="socle">
<kw name="Clear Element Text" owner="SeleniumLibrary">
<arg>${locator}</arg>
<doc>Clears the value of the text-input-element identified by ``locator``.</doc>
<status status="PASS" start="2026-03-03T16:05:21.848975" elapsed="0.111849"/>
</kw>
<kw name="Wait Until Element Is Visible" owner="SeleniumLibrary">
<arg>${locator}</arg>
<arg>${TIMEOUT}</arg>
<doc>Waits until the element ``locator`` is visible.</doc>
<status status="PASS" start="2026-03-03T16:05:21.961225" elapsed="0.046820"/>
</kw>
<kw name="Input Text" owner="SeleniumLibrary">
<msg time="2026-03-03T16:05:22.009110" level="INFO">Typing text '0' into text field 'css=[data-testid="2fa-code-2"]'.</msg>
<arg>${locator}</arg>
<arg>${text}</arg>
<doc>Types the given ``text`` into the text field identified by ``locator``.</doc>
<status status="PASS" start="2026-03-03T16:05:22.008490" elapsed="0.136827"/>
</kw>
<arg>${2FA_CODE_2}</arg>
<arg>${c2}</arg>
<status status="PASS" start="2026-03-03T16:05:21.842154" elapsed="0.304275"/>
</kw>
<kw name="Saisir Le Texte" owner="socle">
<kw name="Clear Element Text" owner="SeleniumLibrary">
<arg>${locator}</arg>
<doc>Clears the value of the text-input-element identified by ``locator``.</doc>
<status status="PASS" start="2026-03-03T16:05:22.147659" elapsed="0.047053"/>
</kw>
<kw name="Wait Until Element Is Visible" owner="SeleniumLibrary">
<arg>${locator}</arg>
<arg>${TIMEOUT}</arg>
<doc>Waits until the element ``locator`` is visible.</doc>
<status status="PASS" start="2026-03-03T16:05:22.195107" elapsed="0.025970"/>
</kw>
<kw name="Input Text" owner="SeleniumLibrary">
<msg time="2026-03-03T16:05:22.222159" level="INFO">Typing text '0' into text field 'css=[data-testid="2fa-code-3"]'.</msg>
<arg>${locator}</arg>
<arg>${text}</arg>
<doc>Types the given ``text`` into the text field identified by ``locator``.</doc>
<status status="PASS" start="2026-03-03T16:05:22.221527" elapsed="0.129364"/>
</kw>
<arg>${2FA_CODE_3}</arg>
<arg>${c3}</arg>
<status status="PASS" start="2026-03-03T16:05:22.146957" elapsed="0.204214"/>
</kw>
<kw name="Saisir Le Texte" owner="socle">
<kw name="Clear Element Text" owner="SeleniumLibrary">
<arg>${locator}</arg>
<doc>Clears the value of the text-input-element identified by ``locator``.</doc>
<status status="PASS" start="2026-03-03T16:05:22.353415" elapsed="0.071796"/>
</kw>
<kw name="Wait Until Element Is Visible" owner="SeleniumLibrary">
<arg>${locator}</arg>
<arg>${TIMEOUT}</arg>
<doc>Waits until the element ``locator`` is visible.</doc>
<status status="PASS" start="2026-03-03T16:05:22.425652" elapsed="0.026003"/>
</kw>
<kw name="Input Text" owner="SeleniumLibrary">
<msg time="2026-03-03T16:05:22.452979" level="INFO">Typing text '0' into text field 'css=[data-testid="2fa-code-4"]'.</msg>
<arg>${locator}</arg>
<arg>${text}</arg>
<doc>Types the given ``text`` into the text field identified by ``locator``.</doc>
<status status="PASS" start="2026-03-03T16:05:22.452315" elapsed="0.125991"/>
</kw>
<arg>${2FA_CODE_4}</arg>
<arg>${c4}</arg>
<status status="PASS" start="2026-03-03T16:05:22.351766" elapsed="0.226796"/>
</kw>
<kw name="Saisir Le Texte" owner="socle">
<kw name="Clear Element Text" owner="SeleniumLibrary">
<arg>${locator}</arg>
<doc>Clears the value of the text-input-element identified by ``locator``.</doc>
<status status="PASS" start="2026-03-03T16:05:22.579959" elapsed="0.096478"/>
</kw>
<kw name="Wait Until Element Is Visible" owner="SeleniumLibrary">
<arg>${locator}</arg>
<arg>${TIMEOUT}</arg>
<doc>Waits until the element ``locator`` is visible.</doc>
<status status="PASS" start="2026-03-03T16:05:22.677022" elapsed="0.027151"/>
</kw>
<kw name="Input Text" owner="SeleniumLibrary">
<msg time="2026-03-03T16:05:22.705231" level="INFO">Typing text '0' into text field 'css=[data-testid="2fa-code-5"]'.</msg>
<arg>${locator}</arg>
<arg>${text}</arg>
<doc>Types the given ``text`` into the text field identified by ``locator``.</doc>
<status status="PASS" start="2026-03-03T16:05:22.704619" elapsed="0.117924"/>
</kw>
<arg>${2FA_CODE_5}</arg>
<arg>${c5}</arg>
<status status="PASS" start="2026-03-03T16:05:22.579082" elapsed="0.243956"/>
</kw>
<kw name="Cliquer Sur Le Bouton" owner="socle">
<kw name="Wait Until Element Is Visible" owner="SeleniumLibrary">
<arg>${locator}</arg>
<arg>${TIMEOUT}</arg>
<doc>Waits until the element ``locator`` is visible.</doc>
<status status="PASS" start="2026-03-03T16:05:22.827244" elapsed="0.030748"/>
</kw>
<kw name="Click Button" owner="SeleniumLibrary">
<msg time="2026-03-03T16:05:22.858921" level="INFO">Clicking button 'css=[data-testid="btn-verify-2fa"]'.</msg>
<arg>${locator}</arg>
<doc>Clicks the button identified by ``locator``.</doc>
<status status="PASS" start="2026-03-03T16:05:22.858411" elapsed="0.135941"/>
</kw>
<arg>${2FA_VERIFY}</arg>
<status status="PASS" start="2026-03-03T16:05:22.826144" elapsed="0.168487"/>
</kw>
<arg>${WRONG_2FA_CODE}</arg>
<doc>Renseigne les 6 chiffres du code 2FA puis clique sur Vérifier</doc>
<status status="PASS" start="2026-03-03T16:05:21.372772" elapsed="1.624216"/>
</kw>
<kw name="Le Message D'Erreur S'Affiche" owner="auth_service">
<kw name="L'Element Doit Etre Visible" owner="socle">
<kw name="Element Should Be Visible" owner="SeleniumLibrary">
<msg time="2026-03-03T16:05:23.043890" level="INFO">Element 'css=[data-testid="2fa-error"]' is displayed.</msg>
<arg>${locator}</arg>
<arg>${TIMEOUT}</arg>
<doc>Verifies that the element identified by ``locator`` is visible.</doc>
<status status="PASS" start="2026-03-03T16:05:23.001280" elapsed="0.042848"/>
</kw>
<arg>${erreur}</arg>
<status status="PASS" start="2026-03-03T16:05:22.999842" elapsed="0.044829"/>
</kw>
<arg>${2FA_ERROR}</arg>
<doc>Le message d'erreur d'affiche correctement</doc>
<status status="PASS" start="2026-03-03T16:05:22.997671" elapsed="0.047265"/>
</kw>
<doc>Vérifie qu’un mauvais code 2FA affiche un message d’erreur</doc>
<tag>nightly</tag>
<tag>smoke</tag>
<status status="PASS" start="2026-03-03T16:05:19.819226" elapsed="3.226127"/>
</test>
<test id="s1-s1-t5" name="Changer De Mot De Passe - Mot De Passe Trop Faible" line="59">
<kw name="Se Rendre Sur La Page De Login" owner="auth_service" type="SETUP">
<kw name="Aller A La Page De Login" owner="login_page">
<kw name="Aller Vers L'URL" owner="socle">
<kw name="Go To" owner="SeleniumLibrary">
<msg time="2026-03-03T16:05:23.050418" level="INFO">Opening url 'http://localhost:8080'</msg>
<arg>${URL}</arg>
<doc>Navigates the current browser window to the provided ``url``.</doc>
<status status="PASS" start="2026-03-03T16:05:23.050086" elapsed="0.113871"/>
</kw>
<arg>${BASE_URL}</arg>
<status status="PASS" start="2026-03-03T16:05:23.049356" elapsed="0.114849"/>
</kw>
<doc>Aller vers la page de login</doc>
<status status="PASS" start="2026-03-03T16:05:23.048580" elapsed="0.117579"/>
</kw>
<kw name="Run Keyword And Ignore Error" owner="BuiltIn">
<kw name="Logout" owner="auth_service">
<kw name="Cliquer sur &quot;Déconnexion&quot;" owner="login_page">
<kw name="L'Element Doit Etre Visible" owner="socle">
<kw name="Element Should Be Visible" owner="SeleniumLibrary">
<msg time="2026-03-03T16:05:23.413498" level="INFO" html="true">&lt;/td&gt;&lt;/tr&gt;&lt;tr&gt;&lt;td colspan="3"&gt;&lt;a href="selenium-screenshot-100.png"&gt;&lt;img src="selenium-screenshot-100.png" width="800px"&gt;&lt;/a&gt;</msg>
<msg time="2026-03-03T16:05:23.413734" level="FAIL">Element with locator 'css=[data-testid="btn-logout"]' not found.</msg>
<arg>${locator}</arg>
<arg>${TIMEOUT}</arg>
<doc>Verifies that the element identified by ``locator`` is visible.</doc>
<status status="FAIL" start="2026-03-03T16:05:23.177151" elapsed="0.237008">Element with locator 'css=[data-testid="btn-logout"]' not found.</status>
</kw>
<arg>${BTN_LOGOUT}</arg>
<status status="FAIL" start="2026-03-03T16:05:23.172057" elapsed="0.242447">Element with locator 'css=[data-testid="btn-logout"]' not found.</status>
</kw>
<kw name="Cliquer Sur Le Bouton" owner="socle">
<arg>${BTN_LOGOUT}</arg>
<status status="NOT RUN" start="2026-03-03T16:05:23.415016" elapsed="0.000113"/>
</kw>
<doc>Cliquer sur le bouton "déconnexion"</doc>
<status status="FAIL" start="2026-03-03T16:05:23.171099" elapsed="0.244418">Element with locator 'css=[data-testid="btn-logout"]' not found.</status>
</kw>
<kw name="La Page &quot;Login&quot; Est Visible" owner="login_page">
<doc>La page de login doit petre visible</doc>
<status status="NOT RUN" start="2026-03-03T16:05:23.416006" elapsed="0.000096"/>
</kw>
<doc>Déconnexion et retour à la page login</doc>
<status status="FAIL" start="2026-03-03T16:05:23.167640" elapsed="0.249074">Element with locator 'css=[data-testid="btn-logout"]' not found.</status>
</kw>
<arg>Logout</arg>
<doc>Runs the given keyword with the given arguments and ignores possible error.</doc>
<status status="PASS" start="2026-03-03T16:05:23.166630" elapsed="0.250313"/>
</kw>
<kw name="Aller A La Page De Login" owner="login_page">
<kw name="Aller Vers L'URL" owner="socle">
<kw name="Go To" owner="SeleniumLibrary">
<msg time="2026-03-03T16:05:23.419183" level="INFO">Opening url 'http://localhost:8080'</msg>
<arg>${URL}</arg>
<doc>Navigates the current browser window to the provided ``url``.</doc>
<status status="PASS" start="2026-03-03T16:05:23.418829" elapsed="0.065733"/>
</kw>
<arg>${BASE_URL}</arg>
<status status="PASS" start="2026-03-03T16:05:23.418242" elapsed="0.067200"/>
</kw>
<doc>Aller vers la page de login</doc>
<status status="PASS" start="2026-03-03T16:05:23.417392" elapsed="0.068229"/>
</kw>
<kw name="La Page &quot;Login&quot; Est Visible" owner="login_page">
<kw name="L'Element Doit Etre Visible" owner="socle">
<kw name="Element Should Be Visible" owner="SeleniumLibrary">
<msg time="2026-03-03T16:05:23.529583" level="INFO">Element 'css=[data-testid="input-email"]' is displayed.</msg>
<arg>${locator}</arg>
<arg>${TIMEOUT}</arg>
<doc>Verifies that the element identified by ``locator`` is visible.</doc>
<status status="PASS" start="2026-03-03T16:05:23.488874" elapsed="0.040980"/>
</kw>
<arg>${LOGIN_EMAIL}</arg>
<status status="PASS" start="2026-03-03T16:05:23.487549" elapsed="0.042568"/>
</kw>
<doc>La page de login doit petre visible</doc>
<status status="PASS" start="2026-03-03T16:05:23.486132" elapsed="0.044484"/>
</kw>
<doc>Aller vers la Page de login - service</doc>
<status status="PASS" start="2026-03-03T16:05:23.047665" elapsed="0.483158"/>
</kw>
<kw name="Obtenir Les Identifiants Standards" owner="auth_service">
<kw name="Get Standard Credentials" owner="testdata">
<kw name="Get From Dictionary" owner="Collections">
<msg time="2026-03-03T16:05:23.533805" level="INFO">${users} = {'standard': {'email': 'test@digitalbank.fr', 'password': 'Test1234!', 'two_fa_enabled': False}, 'twofa': {'email': 'marie.martin@email.com', 'password': 'SecurePass456!', 'two_fa_enabled': True, 'two...</msg>
<var>${users}</var>
<arg>${TESTDATA}</arg>
<arg>users</arg>
<doc>Returns a value from the given ``dictionary`` based on the given ``key``.</doc>
<status status="PASS" start="2026-03-03T16:05:23.533308" elapsed="0.000575"/>
</kw>
<kw name="Get From Dictionary" owner="Collections">
<msg time="2026-03-03T16:05:23.534663" level="INFO">${standard} = {'email': 'test@digitalbank.fr', 'password': 'Test1234!', 'two_fa_enabled': False}</msg>
<var>${standard}</var>
<arg>${users}</arg>
<arg>standard</arg>
<doc>Returns a value from the given ``dictionary`` based on the given ``key``.</doc>
<status status="PASS" start="2026-03-03T16:05:23.534218" elapsed="0.000526"/>
</kw>
<kw name="Get From Dictionary" owner="Collections">
<msg time="2026-03-03T16:05:23.535450" level="INFO">${email} = test@digitalbank.fr</msg>
<var>${email}</var>
<arg>${standard}</arg>
<arg>email</arg>
<doc>Returns a value from the given ``dictionary`` based on the given ``key``.</doc>
<status status="PASS" start="2026-03-03T16:05:23.535060" elapsed="0.000451"/>
</kw>
<kw name="Get From Dictionary" owner="Collections">
<msg time="2026-03-03T16:05:23.536205" level="INFO">${password} = Test1234!</msg>
<var>${password}</var>
<arg>${standard}</arg>
<arg>password</arg>
<doc>Returns a value from the given ``dictionary`` based on the given ``key``.</doc>
<status status="PASS" start="2026-03-03T16:05:23.535796" elapsed="0.000458"/>
</kw>
<return>
<value>${email}</value>
<value>${password}</value>
<status status="PASS" start="2026-03-03T16:05:23.536360" elapsed="0.000082"/>
</return>
<msg time="2026-03-03T16:05:23.536838" level="INFO">${email} = test@digitalbank.fr</msg>
<msg time="2026-03-03T16:05:23.536965" level="INFO">${password} = Test1234!</msg>
<var>${email}</var>
<var>${password}</var>
<status status="PASS" start="2026-03-03T16:05:23.532586" elapsed="0.004424"/>
</kw>
<return>
<value>${email}</value>
<value>${password}</value>
[...]
<arg>${TESTDATA}</arg>
<arg>${data}</arg>
<doc>Makes a variable available everywhere within the scope of the current suite.</doc>
<status status="PASS" start="2026-03-03T16:05:26.619272" elapsed="0.001259"/>
</kw>
<status status="PASS" start="2026-03-03T16:05:26.613677" elapsed="0.007103"/>
</kw>
<kw name="Creer Un Webdriver" owner="socle">
<kw name="Evaluate" owner="BuiltIn">
<msg time="2026-03-03T16:05:26.625424" level="INFO">${options} = &lt;selenium.webdriver.chrome.options.Options object at 0x7052ae5e23e0&gt;</msg>
<var>${options}</var>
<arg>sys.modules['selenium.webdriver'].ChromeOptions()</arg>
<arg>sys</arg>
<doc>Evaluates the given expression in Python and returns the result.</doc>
<status status="PASS" start="2026-03-03T16:05:26.622513" elapsed="0.004466"/>
</kw>
<kw name="Run Keyword If" owner="BuiltIn">
<arg>'${HEADLESS}'=='true'</arg>
<arg>Call Method</arg>
<arg>${options}</arg>
<arg>add_argument</arg>
<arg>argument=--headless</arg>
<doc>Runs the given keyword with the given arguments, if ``condition`` is true.</doc>
<status status="PASS" start="2026-03-03T16:05:26.627487" elapsed="0.001084"/>
</kw>
<kw name="Call Method" owner="BuiltIn">
<arg>${options}</arg>
<arg>add_argument</arg>
<arg>argument=--no-sandbox</arg>
<doc>Calls the named method of the given object with the provided arguments.</doc>
<status status="PASS" start="2026-03-03T16:05:26.629086" elapsed="0.007420"/>
</kw>
<kw name="Call Method" owner="BuiltIn">
<arg>${options}</arg>
<arg>add_argument</arg>
<arg>argument=--disable-dev-shm-usage</arg>
<doc>Calls the named method of the given object with the provided arguments.</doc>
<status status="PASS" start="2026-03-03T16:05:26.637033" elapsed="0.004289"/>
</kw>
<kw name="Call Method" owner="BuiltIn">
<arg>${options}</arg>
<arg>add_argument</arg>
<arg>argument=--window-size=1920,1080</arg>
<doc>Calls the named method of the given object with the provided arguments.</doc>
<status status="PASS" start="2026-03-03T16:05:26.641819" elapsed="0.001028"/>
</kw>
<kw name="Create Webdriver" owner="SeleniumLibrary">
<msg time="2026-03-03T16:05:26.648340" level="INFO">Creating an instance of the Chrome WebDriver.</msg>
<arg>Chrome</arg>
<arg>options=${options}</arg>
<doc>Creates an instance of Selenium WebDriver.</doc>
<status status="PASS" start="2026-03-03T16:05:26.643650" elapsed="1.634465"/>
</kw>
<kw name="Set Selenium Timeout" owner="SeleniumLibrary">
<arg>${TIMEOUT}</arg>
<doc>Sets the timeout that is used by various keywords.</doc>
<status status="PASS" start="2026-03-03T16:05:28.278573" elapsed="0.002893"/>
</kw>
<status status="PASS" start="2026-03-03T16:05:26.621360" elapsed="1.660407"/>
</kw>
<kw name="Aller Vers L'URL" owner="socle">
<kw name="Go To" owner="SeleniumLibrary">
<msg time="2026-03-03T16:05:28.284451" level="INFO">Opening url 'http://localhost:8080'</msg>
<arg>${URL}</arg>
<doc>Navigates the current browser window to the provided ``url``.</doc>
<status status="PASS" start="2026-03-03T16:05:28.283520" elapsed="0.379233"/>
</kw>
<arg>${BASE_URL}</arg>
<status status="PASS" start="2026-03-03T16:05:28.282269" elapsed="0.381325"/>
</kw>
<kw name="La Page &quot;Login&quot; Est Visible" owner="login_page">
<kw name="L'Element Doit Etre Visible" owner="socle">
<kw name="Element Should Be Visible" owner="SeleniumLibrary">
<msg time="2026-03-03T16:05:28.711307" level="INFO">Element 'css=[data-testid="input-email"]' is displayed.</msg>
<arg>${locator}</arg>
<arg>${TIMEOUT}</arg>
<doc>Verifies that the element identified by ``locator`` is visible.</doc>
<status status="PASS" start="2026-03-03T16:05:28.666168" elapsed="0.045315"/>
</kw>
<arg>${LOGIN_EMAIL}</arg>
<status status="PASS" start="2026-03-03T16:05:28.665317" elapsed="0.046406"/>
</kw>
<doc>La page de login doit petre visible</doc>
<status status="PASS" start="2026-03-03T16:05:28.664331" elapsed="0.047545"/>
</kw>
<status status="PASS" start="2026-03-03T16:05:26.611103" elapsed="2.100926"/>
</kw>
<test id="s1-s2-t1" name="La Page Virements Est Accessible" line="11">
<kw name="Obtenir Les Identifiants Standards" owner="auth_service">
<kw name="Get Standard Credentials" owner="testdata">
<kw name="Get From Dictionary" owner="Collections">
<msg time="2026-03-03T16:05:28.715281" level="INFO">${users} = {'standard': {'email': 'test@digitalbank.fr', 'password': 'Test1234!', 'two_fa_enabled': False}, 'twofa': {'email': 'marie.martin@email.com', 'password': 'SecurePass456!', 'two_fa_enabled': True, 'two...</msg>
<var>${users}</var>
<arg>${TESTDATA}</arg>
<arg>users</arg>
<doc>Returns a value from the given ``dictionary`` based on the given ``key``.</doc>
<status status="PASS" start="2026-03-03T16:05:28.714801" elapsed="0.000558"/>
</kw>
<kw name="Get From Dictionary" owner="Collections">
<msg time="2026-03-03T16:05:28.716027" level="INFO">${standard} = {'email': 'test@digitalbank.fr', 'password': 'Test1234!', 'two_fa_enabled': False}</msg>
<var>${standard}</var>
<arg>${users}</arg>
<arg>standard</arg>
<doc>Returns a value from the given ``dictionary`` based on the given ``key``.</doc>
<status status="PASS" start="2026-03-03T16:05:28.715717" elapsed="0.000355"/>
</kw>
<kw name="Get From Dictionary" owner="Collections">
<msg time="2026-03-03T16:05:28.716537" level="INFO">${email} = test@digitalbank.fr</msg>
<var>${email}</var>
<arg>${standard}</arg>
<arg>email</arg>
<doc>Returns a value from the given ``dictionary`` based on the given ``key``.</doc>
<status status="PASS" start="2026-03-03T16:05:28.716268" elapsed="0.000313"/>
</kw>
<kw name="Get From Dictionary" owner="Collections">
<msg time="2026-03-03T16:05:28.717054" level="INFO">${password} = Test1234!</msg>
<var>${password}</var>
<arg>${standard}</arg>
<arg>password</arg>
<doc>Returns a value from the given ``dictionary`` based on the given ``key``.</doc>
<status status="PASS" start="2026-03-03T16:05:28.716786" elapsed="0.000309"/>
</kw>
<return>
<value>${email}</value>
<value>${password}</value>
<status status="PASS" start="2026-03-03T16:05:28.717278" elapsed="0.000255"/>
</return>
<msg time="2026-03-03T16:05:28.718166" level="INFO">${email} = test@digitalbank.fr</msg>
<msg time="2026-03-03T16:05:28.718341" level="INFO">${password} = Test1234!</msg>
<var>${email}</var>
<var>${password}</var>
<status status="PASS" start="2026-03-03T16:05:28.714303" elapsed="0.004148"/>
</kw>
<return>
<value>${email}</value>
<value>${password}</value>
<status status="PASS" start="2026-03-03T16:05:28.718679" elapsed="0.000130"/>
</return>
<msg time="2026-03-03T16:05:28.719323" level="INFO">${email} = test@digitalbank.fr</msg>
<msg time="2026-03-03T16:05:28.719466" level="INFO">${password} = Test1234!</msg>
<var>${email}</var>
<var>${password}</var>
<doc>Obtenir les identifiants standards</doc>
<status status="PASS" start="2026-03-03T16:05:28.713277" elapsed="0.006261"/>
</kw>
<kw name="Login Avec Identifiants" owner="auth_service">
<kw name="La Page &quot;Login&quot; Est Visible" owner="login_page">
<kw name="L'Element Doit Etre Visible" owner="socle">
<kw name="Element Should Be Visible" owner="SeleniumLibrary">
<msg time="2026-03-03T16:05:28.748647" level="INFO">Element 'css=[data-testid="input-email"]' is displayed.</msg>
<arg>${locator}</arg>
<arg>${TIMEOUT}</arg>
<doc>Verifies that the element identified by ``locator`` is visible.</doc>
<status status="PASS" start="2026-03-03T16:05:28.723084" elapsed="0.025744"/>
</kw>
<arg>${LOGIN_EMAIL}</arg>
<status status="PASS" start="2026-03-03T16:05:28.722440" elapsed="0.026579"/>
</kw>
<doc>La page de login doit petre visible</doc>
<status status="PASS" start="2026-03-03T16:05:28.721753" elapsed="0.027400"/>
</kw>
<kw name="Saisir Email" owner="login_page">
<kw name="Saisir Le Texte" owner="socle">
<kw name="Clear Element Text" owner="SeleniumLibrary">
<arg>${locator}</arg>
<doc>Clears the value of the text-input-element identified by ``locator``.</doc>
<status status="PASS" start="2026-03-03T16:05:28.750847" elapsed="0.060438"/>
</kw>
<kw name="Wait Until Element Is Visible" owner="SeleniumLibrary">
<arg>${locator}</arg>
<arg>${TIMEOUT}</arg>
<doc>Waits until the element ``locator`` is visible.</doc>
<status status="PASS" start="2026-03-03T16:05:28.811672" elapsed="0.022759"/>
</kw>
<kw name="Input Text" owner="SeleniumLibrary">
<msg time="2026-03-03T16:05:28.837376" level="INFO">Typing text 'test@digitalbank.fr' into text field 'css=[data-testid="input-email"]'.</msg>
<arg>${locator}</arg>
<arg>${text}</arg>
<doc>Types the given ``text`` into the text field identified by ``locator``.</doc>
<status status="PASS" start="2026-03-03T16:05:28.835052" elapsed="0.187059"/>
</kw>
<arg>${LOGIN_EMAIL}</arg>
<arg>${email}</arg>
<status status="PASS" start="2026-03-03T16:05:28.750189" elapsed="0.272208"/>
</kw>
<arg>${email}</arg>
<doc>Saisir l'email</doc>
<status status="PASS" start="2026-03-03T16:05:28.749567" elapsed="0.273050"/>
</kw>
<kw name="Saisir Mot De Passe" owner="login_page">
<kw name="Saisir Le Mot De Passe" owner="socle">
<kw name="Clear Element Text" owner="SeleniumLibrary">
<arg>${locator}</arg>
<doc>Clears the value of the text-input-element identified by ``locator``.</doc>
<status status="PASS" start="2026-03-03T16:05:29.028379" elapsed="0.132884"/>
</kw>
<kw name="Wait Until Element Is Visible" owner="SeleniumLibrary">
<arg>${locator}</arg>
<arg>${TIMEOUT}</arg>
<doc>Waits until the element ``locator`` is visible.</doc>
<status status="PASS" start="2026-03-03T16:05:29.162052" elapsed="0.025367"/>
</kw>
<kw name="Input Password" owner="SeleniumLibrary">
<msg time="2026-03-03T16:05:29.188500" level="INFO">Typing password into text field 'css=[data-testid="input-password"]'.</msg>
<msg time="2026-03-03T16:05:29.238894" level="INFO">Temporally setting log level to: NONE</msg>
<arg>${locator}</arg>
<arg>${pswd}</arg>
<doc>Types the given password into the text field identified by ``locator``.</doc>
<status status="PASS" start="2026-03-03T16:05:29.187879" elapsed="0.131017"/>
</kw>
<arg>${LOGIN_PASSWORD}</arg>
<arg>${password}</arg>
<status status="PASS" start="2026-03-03T16:05:29.026944" elapsed="0.292187"/>
</kw>
<kw name="Cliquer Sur Le Bouton" owner="socle">
<kw name="Wait Until Element Is Visible" owner="SeleniumLibrary">
<arg>${locator}</arg>
<arg>${TIMEOUT}</arg>
<doc>Waits until the element ``locator`` is visible.</doc>
<status status="PASS" start="2026-03-03T16:05:29.320470" elapsed="0.055687"/>
</kw>
<kw name="Click Button" owner="SeleniumLibrary">
<msg time="2026-03-03T16:05:29.377822" level="INFO">Clicking button 'css=[data-testid="btn-login"]'.</msg>
<arg>${locator}</arg>
<doc>Clicks the button identified by ``locator``.</doc>
<status status="PASS" start="2026-03-03T16:05:29.376839" elapsed="0.223234"/>
</kw>
<arg>${LOGIN_SUBMIT}</arg>
<status status="PASS" start="2026-03-03T16:05:29.319798" elapsed="0.280526"/>
</kw>
<arg>${password}</arg>
<doc>Saisir le mot de passe</doc>
<status status="PASS" start="2026-03-03T16:05:29.023209" elapsed="0.577276"/>
</kw>
<arg>${email}</arg>
<arg>${password}</arg>
<doc>Saisit les identifiants et soumet le formulaire de login</doc>
<status status="PASS" start="2026-03-03T16:05:28.720404" elapsed="0.880221"/>
</kw>
<kw name="La Page &quot;Commune&quot; Est Visible" owner="main_page">
<kw name="L'Element Doit Etre Visible" owner="socle">
<kw name="Element Should Be Visible" owner="SeleniumLibrary">
<msg time="2026-03-03T16:05:29.639512" level="INFO">Element 'css=[data-testid="tab-dashboard"]' is displayed.</msg>
<arg>${locator}</arg>
<arg>${TIMEOUT}</arg>
<doc>Verifies that the element identified by ``locator`` is visible.</doc>
<status status="PASS" start="2026-03-03T16:05:29.602977" elapsed="0.036834"/>
</kw>
<arg>${TAB_DASHBOARD}</arg>
<status status="PASS" start="2026-03-03T16:05:29.602124" elapsed="0.037945"/>
</kw>
<kw name="L'Element Doit Etre Visible" owner="socle">
<kw name="Element Should Be Visible" owner="SeleniumLibrary">
<msg time="2026-03-03T16:05:29.669539" level="INFO">Element 'css=[data-testid="btn-logout"]' is displayed.</msg>
<arg>${locator}</arg>
<arg>${TIMEOUT}</arg>
<doc>Verifies that the element identified by ``locator`` is visible.</doc>
<status status="PASS" start="2026-03-03T16:05:29.641742" elapsed="0.027984"/>
</kw>
<arg>${BTN_LOGOUT}</arg>
<status status="PASS" start="2026-03-03T16:05:29.640627" elapsed="0.029304"/>
</kw>
<doc>La page de login doit petre visible</doc>
<status status="PASS" start="2026-03-03T16:05:29.601210" elapsed="0.068886"/>
</kw>
<kw name="Se Rendre Sur La Page Des Virements" owner="virements_service">
<kw name="Ouvrir L'Onglet Virements" owner="virements_page">
<kw name="Attendre Que L'Element Soit Visible" owner="socle">
<kw name="Wait Until Element Is Visible" owner="SeleniumLibrary">
<arg>${locator}</arg>
<arg>${timeout}</arg>
<doc>Waits until the element ``locator`` is visible.</doc>
<status status="PASS" start="2026-03-03T16:05:29.672639" elapsed="0.035112"/>
</kw>
<arg>${NAV_VIREMENTS}</arg>
<arg>${TIMEOUT}</arg>
<status status="PASS" start="2026-03-03T16:05:29.671758" elapsed="0.036217"/>
</kw>
<kw name="Scroller En Haut De La Page" owner="socle">
<kw name="Press Keys" owner="SeleniumLibrary">
<msg time="2026-03-03T16:05:29.710024" level="INFO">Sending key(s) ('HOME',) to page.</msg>
<msg time="2026-03-03T16:05:29.710223" level="INFO">Pressing special key HOME to browser.</msg>
<msg time="2026-03-03T16:05:29.710339" level="INFO">Releasing special key HOME.</msg>
<arg>None</arg>
<arg>HOME</arg>
<doc>Simulates the user pressing key(s) to an element or on the active browser.</doc>
<status status="PASS" start="2026-03-03T16:05:29.709341" elapsed="0.012713"/>
</kw>
<kw name="Sleep" owner="BuiltIn">
<msg time="2026-03-03T16:05:30.723429" level="INFO">Slept 1 second.</msg>
<arg>1s</arg>
<doc>Pauses the test executed for the given time.</doc>
<status status="PASS" start="2026-03-03T16:05:29.722479" elapsed="1.001322"/>
</kw>
<doc>Scroller en haut de la page</doc>
<status status="PASS" start="2026-03-03T16:05:29.708550" elapsed="1.015621"/>
</kw>
<kw name="Cliquer Sur L'Element" owner="socle">
<kw name="Wait Until Element Is Visible" owner="SeleniumLibrary">
<arg>${locator}</arg>
<arg>${TIMEOUT}</arg>
<doc>Waits until the element ``locator`` is visible.</doc>
<status status="PASS" start="2026-03-03T16:05:30.728156" elapsed="0.056010"/>
</kw>
<kw name="Click Element" owner="SeleniumLibrary">
<msg time="2026-03-03T16:05:30.785886" level="INFO">Clicking element 'xpath=//button[@data-testid="tab-transfer"]'.</msg>
<arg>${locator}</arg>
<doc>Click the element identified by ``locator``.</doc>
<status status="PASS" start="2026-03-03T16:05:30.784945" elapsed="0.137553"/>
</kw>
<arg>${NAV_VIREMENTS}</arg>
<status status="PASS" start="2026-03-03T16:05:30.725594" elapsed="0.197198"/>
</kw>
<doc>Ouvre l'onglet Virements depuis le menu principal</doc>
<status status="PASS" start="2026-03-03T16:05:29.671249" elapsed="1.251740"/>
</kw>
<doc>Ouvre l'onglet Virements</doc>
<status status="PASS" start="2026-03-03T16:05:29.670632" elapsed="1.252613"/>
</kw>
<kw name="La Page Virements Est Visible" owner="virements_service">
<kw name="Obtenir La Présence De La Page Virements" owner="virements_page">
<kw name="Attendre Que L'Element Soit Visible" owner="socle">
<kw name="Wait Until Element Is Visible" owner="SeleniumLibrary">
<arg>${locator}</arg>
<arg>${timeout}</arg>
<doc>Waits until the element ``locator`` is visible.</doc>
<status status="PASS" start="2026-03-03T16:05:30.928255" elapsed="0.038815"/>
</kw>
<arg>${VIREMENTS_TITLE}</arg>
<arg>${TIMEOUT}</arg>
<status status="PASS" start="2026-03-03T16:05:30.926534" elapsed="0.040766"/>
</kw>
<doc>Vérifie que le titre de la page virements est visible</doc>
<status status="PASS" start="2026-03-03T16:05:30.925519" elapsed="0.041931"/>
</kw>
<doc>Vérifie que la page virements est bien affichée</doc>
<status status="PASS" start="2026-03-03T16:05:30.923906" elapsed="0.043677"/>
</kw>
<kw name="Logout" owner="auth_service">
<kw name="Cliquer sur &quot;Déconnexion&quot;" owner="login_page">
<kw name="L'Element Doit Etre Visible" owner="socle">
<kw name="Element Should Be Visible" owner="SeleniumLibrary">
<msg time="2026-03-03T16:05:30.988538" level="INFO">Element 'css=[data-testid="btn-logout"]' is displayed.</msg>
<arg>${locator}</arg>
<arg>${TIMEOUT}</arg>
<doc>Verifies that the element identified by ``locator`` is visible.</doc>
<status status="PASS" start="2026-03-03T16:05:30.970134" elapsed="0.018582"/>
</kw>
<arg>${BTN_LOGOUT}</arg>
<status status="PASS" start="2026-03-03T16:05:30.969580" elapsed="0.019324"/>
</kw>
<kw name="Cliquer Sur Le Bouton" owner="socle">
<kw name="Wait Until Element Is Visible" owner="SeleniumLibrary">
<arg>${locator}</arg>
<arg>${TIMEOUT}</arg>
<doc>Waits until the element ``locator`` is visible.</doc>
<status status="PASS" start="2026-03-03T16:05:30.990081" elapsed="0.016678"/>
</kw>
<kw name="Click Button" owner="SeleniumLibrary">
<msg time="2026-03-03T16:05:31.007380" level="INFO">Clicking button 'css=[data-testid="btn-logout"]'.</msg>
<arg>${locator}</arg>
<doc>Clicks the button identified by ``locator``.</doc>
<status status="PASS" start="2026-03-03T16:05:31.007048" elapsed="0.156344"/>
</kw>
<arg>${BTN_LOGOUT}</arg>
<status status="PASS" start="2026-03-03T16:05:30.989358" elapsed="0.174376"/>
</kw>
<doc>Cliquer sur le bouton "déconnexion"</doc>
<status status="PASS" start="2026-03-03T16:05:30.968932" elapsed="0.195029"/>
</kw>
<kw name="La Page &quot;Login&quot; Est Visible" owner="login_page">
<kw name="L'Element Doit Etre Visible" owner="socle">
<kw name="Element Should Be Visible" owner="SeleniumLibrary">
<msg time="2026-03-03T16:05:31.210608" level="INFO">Element 'css=[data-testid="input-email"]' is displayed.</msg>
<arg>${locator}</arg>
<arg>${TIMEOUT}</arg>
<doc>Verifies that the element identified by ``locator`` is visible.</doc>
<status status="PASS" start="2026-03-03T16:05:31.173903" elapsed="0.036945"/>
</kw>
<arg>${LOGIN_EMAIL}</arg>
<status status="PASS" start="2026-03-03T16:05:31.165662" elapsed="0.045483"/>
</kw>
<doc>La page de login doit petre visible</doc>
<status status="PASS" start="2026-03-03T16:05:31.164597" elapsed="0.047375"/>
</kw>
<doc>Déconnexion et retour à la page login</doc>
<status status="PASS" start="2026-03-03T16:05:30.968177" elapsed="0.244083"/>
</kw>
<doc>Vérifie que la page Virements est accessible depuis le menu principal</doc>
<tag>smoke</tag>
<tag>virements</tag>
<status status="PASS" start="2026-03-03T16:05:28.712207" elapsed="2.501010"/>
</test>
<kw name="Fermer L'Application" owner="auth_service" type="TEARDOWN">
<kw name="Fermer Les Navigateurs" owner="socle">
<kw name="Close All Browsers" owner="SeleniumLibrary">
<doc>Closes all open browsers and resets the browser cache.</doc>
<status status="PASS" start="2026-03-03T16:05:31.216999" elapsed="0.119145"/>
</kw>
<doc>Ferme tous ls navigateurs</doc>
<status status="PASS" start="2026-03-03T16:05:31.216205" elapsed="0.120224"/>
</kw>
<doc>Ferme proprement le navigateur.</doc>
<status status="PASS" start="2026-03-03T16:05:31.214973" elapsed="0.121661"/>
</kw>
<doc>Fonctionnalité testée : Virements internes</doc>
<status status="PASS" start="2026-03-03T16:05:26.529297" elapsed="4.807471"/>
</suite>
<status status="PASS" start="2026-03-03T16:05:11.435212" elapsed="19.903425"/>
</suite>
<statistics>
<total>
<stat pass="6" fail="0" skip="0">All Tests</stat>
</total>
<tag>
<stat pass="1" fail="0" skip="0">MDP</stat>
<stat pass="4" fail="0" skip="0">nightly</stat>
<stat pass="6" fail="0" skip="0">smoke</stat>
<stat pass="1" fail="0" skip="0">virements</stat>
</tag>
<suite>
<stat name="E2E" id="s1" pass="6" fail="0" skip="0">E2E</stat>
<stat name="Authentification tests" id="s1-s1" pass="5" fail="0" skip="0">E2E.Authentification tests</stat>
<stat name="Virements tests" id="s1-s2" pass="1" fail="0" skip="0">E2E.Virements tests</stat>
</suite>
</statistics>
<errors>
</errors>
</robot>
