<?xml version="1.0" encoding="UTF-8"?>
<robot generator="Robot 7.4.1 (Python 3.10.12 on linux)" generated="2026-03-03T10:20:09.362568" rpa="false" schemaversion="5">
<suite id="s1" name="E2E" source="/home/jules-rousseau/Bureau/DigitalBank/tests/e2e">
<suite id="s1-s1" name="Authentification tests" source="/home/jules-rousseau/Bureau/DigitalBank/tests/e2e/Authentification_tests.robot">
<kw name="Ouvrir L'Application" owner="auth_service" type="SETUP">
<kw name="Evaluate" owner="BuiltIn">
<msg time="2026-03-03T10:20:09.698226" level="INFO">${options} = &lt;selenium.webdriver.chrome.options.Options object at 0x72d3219d5b10&gt;</msg>
<var>${options}</var>
<arg>sys.modules['selenium.webdriver'].ChromeOptions()</arg>
<arg>sys</arg>
<doc>Evaluates the given expression in Python and returns the result.</doc>
<status status="PASS" start="2026-03-03T10:20:09.697475" elapsed="0.000821"/>
</kw>
<kw name="Load Test Data" owner="testdata">
<kw name="Load Test Data From Yaml" owner="testdata">
<msg time="2026-03-03T10:20:09.702299" level="INFO">${data} = {'users': {'standard': {'email': 'test@digitalbank.fr', 'password': 'Test1234!', 'two_fa_enabled': False}, 'twofa': {'email': 'marie.martin@email.com', 'password': 'SecurePass456!', 'two_fa_enabled': ...</msg>
<var>${data}</var>
<arg>data/test_users.yaml</arg>
<status status="PASS" start="2026-03-03T10:20:09.698970" elapsed="0.003434"/>
</kw>
<kw name="Set Suite Variable" owner="BuiltIn">
<msg time="2026-03-03T10:20:09.703536" level="INFO">${TESTDATA} = {'users': {'standard': {'email': 'test@digitalbank.fr', 'password': 'Test1234!', 'two_fa_enabled': False}, 'twofa': {'email': 'marie.martin@email.com', 'password': 'SecurePass456!', 'two_fa_enabled': ...</msg>
<arg>${TESTDATA}</arg>
<arg>${data}</arg>
<doc>Makes a variable available everywhere within the scope of the current suite.</doc>
<status status="PASS" start="2026-03-03T10:20:09.702843" elapsed="0.000792"/>
</kw>
<status status="PASS" start="2026-03-03T10:20:09.698672" elapsed="0.005124"/>
</kw>
<kw name="Creer Un Webdriver" owner="socle">
<kw name="Evaluate" owner="BuiltIn">
<msg time="2026-03-03T10:20:09.705467" level="INFO">${options} = &lt;selenium.webdriver.chrome.options.Options object at 0x72d3219d70d0&gt;</msg>
<var>${options}</var>
<arg>sys.modules['selenium.webdriver'].ChromeOptions()</arg>
<arg>sys</arg>
<doc>Evaluates the given expression in Python and returns the result.</doc>
<status status="PASS" start="2026-03-03T10:20:09.704750" elapsed="0.000786"/>
</kw>
<kw name="Run Keyword If" owner="BuiltIn">
<arg>'${HEADLESS}'=='true'</arg>
<arg>Call Method</arg>
<arg>${options}</arg>
<arg>add_argument</arg>
<arg>argument=--headless</arg>
<doc>Runs the given keyword with the given arguments, if ``condition`` is true.</doc>
<status status="PASS" start="2026-03-03T10:20:09.705988" elapsed="0.000630"/>
</kw>
<kw name="Call Method" owner="BuiltIn">
<arg>${options}</arg>
<arg>add_argument</arg>
<arg>argument=--no-sandbox</arg>
<doc>Calls the named method of the given object with the provided arguments.</doc>
<status status="PASS" start="2026-03-03T10:20:09.706914" elapsed="0.000563"/>
</kw>
<kw name="Call Method" owner="BuiltIn">
<arg>${options}</arg>
<arg>add_argument</arg>
<arg>argument=--disable-dev-shm-usage</arg>
<doc>Calls the named method of the given object with the provided arguments.</doc>
<status status="PASS" start="2026-03-03T10:20:09.707724" elapsed="0.000475"/>
</kw>
<kw name="Call Method" owner="BuiltIn">
<arg>${options}</arg>
<arg>add_argument</arg>
<arg>argument=--window-size=1920,1080</arg>
<doc>Calls the named method of the given object with the provided arguments.</doc>
<status status="PASS" start="2026-03-03T10:20:09.708434" elapsed="0.000803"/>
</kw>
<kw name="Create Webdriver" owner="SeleniumLibrary">
<msg time="2026-03-03T10:20:09.710426" level="INFO">Creating an instance of the Chrome WebDriver.</msg>
<arg>Chrome</arg>
<arg>options=${options}</arg>
<doc>Creates an instance of Selenium WebDriver.</doc>
<status status="PASS" start="2026-03-03T10:20:09.709778" elapsed="1.128324"/>
</kw>
<kw name="Set Selenium Timeout" owner="SeleniumLibrary">
<arg>${TIMEOUT}</arg>
<doc>Sets the timeout that is used by various keywords.</doc>
<status status="PASS" start="2026-03-03T10:20:10.838477" elapsed="0.002936"/>
</kw>
<status status="PASS" start="2026-03-03T10:20:09.704308" elapsed="1.137457"/>
</kw>
<kw name="Aller Vers L'URL" owner="socle">
<kw name="Go To" owner="SeleniumLibrary">
<msg time="2026-03-03T10:20:10.844126" level="INFO">Opening url 'http://localhost:8080'</msg>
<arg>${URL}</arg>
<doc>Navigates the current browser window to the provided ``url``.</doc>
<status status="PASS" start="2026-03-03T10:20:10.843265" elapsed="0.342949"/>
</kw>
<arg>${BASE_URL}</arg>
<status status="PASS" start="2026-03-03T10:20:10.842357" elapsed="0.344123"/>
</kw>
<kw name="La Page &quot;Login&quot; Est Visible" owner="login_page">
<kw name="L'Element Doit Etre Visible" owner="socle">
<kw name="Element Should Be Visible" owner="SeleniumLibrary">
<msg time="2026-03-03T10:20:11.234469" level="INFO">Element 'css=[data-testid="input-email"]' is displayed.</msg>
<arg>${locator}</arg>
<arg>${TIMEOUT}</arg>
<doc>Verifies that the element identified by ``locator`` is visible.</doc>
<status status="PASS" start="2026-03-03T10:20:11.189323" elapsed="0.045393"/>
</kw>
<arg>${LOGIN_EMAIL}</arg>
<status status="PASS" start="2026-03-03T10:20:11.188352" elapsed="0.046674"/>
</kw>
<doc>La page de login doit petre visible</doc>
<status status="PASS" start="2026-03-03T10:20:11.187048" elapsed="0.048176"/>
</kw>
<status status="PASS" start="2026-03-03T10:20:09.696328" elapsed="1.539053"/>
</kw>
<test id="s1-s1-t1" name="La Page De Login Est Accessible" line="20">
<kw name="Se Rendre Sur La Page De Login" owner="auth_service" type="SETUP">
<kw name="Aller A La Page De Login" owner="login_page">
<kw name="Aller Vers L'URL" owner="socle">
<kw name="Go To" owner="SeleniumLibrary">
<msg time="2026-03-03T10:20:11.241757" level="INFO">Opening url 'http://localhost:8080'</msg>
<arg>${URL}</arg>
<doc>Navigates the current browser window to the provided ``url``.</doc>
<status status="PASS" start="2026-03-03T10:20:11.241041" elapsed="0.060958"/>
</kw>
<arg>${BASE_URL}</arg>
<status status="PASS" start="2026-03-03T10:20:11.239911" elapsed="0.062253"/>
</kw>
<doc>Aller vers la page de login</doc>
<status status="PASS" start="2026-03-03T10:20:11.238484" elapsed="0.063780"/>
</kw>
<kw name="Run Keyword And Ignore Error" owner="BuiltIn">
<kw name="Logout" owner="auth_service">
<kw name="Cliquer sur &quot;Déconnexion&quot;" owner="login_page">
<kw name="L'Element Doit Etre Visible" owner="socle">
<kw name="Element Should Be Visible" owner="SeleniumLibrary">
<msg time="2026-03-03T10:20:11.543183" level="INFO" html="true">&lt;/td&gt;&lt;/tr&gt;&lt;tr&gt;&lt;td colspan="3"&gt;&lt;a href="selenium-screenshot-24.png"&gt;&lt;img src="selenium-screenshot-24.png" width="800px"&gt;&lt;/a&gt;</msg>
<msg time="2026-03-03T10:20:11.543408" level="FAIL">Element with locator 'css=[data-testid="btn-logout"]' not found.</msg>
<arg>${locator}</arg>
<arg>${TIMEOUT}</arg>
<doc>Verifies that the element identified by ``locator`` is visible.</doc>
<status status="FAIL" start="2026-03-03T10:20:11.306118" elapsed="0.238472">Element with locator 'css=[data-testid="btn-logout"]' not found.</status>
</kw>
<arg>${BTN_LOGOUT}</arg>
<status status="FAIL" start="2026-03-03T10:20:11.304992" elapsed="0.239918">Element with locator 'css=[data-testid="btn-logout"]' not found.</status>
</kw>
<kw name="Cliquer Sur Le Bouton" owner="socle">
<arg>${BTN_LOGOUT}</arg>
<status status="NOT RUN" start="2026-03-03T10:20:11.545345" elapsed="0.000092"/>
</kw>
<doc>Cliquer sur le bouton "déconnexion"</doc>
<status status="FAIL" start="2026-03-03T10:20:11.304132" elapsed="0.241553">Element with locator 'css=[data-testid="btn-logout"]' not found.</status>
</kw>
<kw name="La Page &quot;Login&quot; Est Visible" owner="login_page">
<doc>La page de login doit petre visible</doc>
<status status="NOT RUN" start="2026-03-03T10:20:11.546303" elapsed="0.000396"/>
</kw>
<doc>Déconnexion et retour à la page login</doc>
<status status="FAIL" start="2026-03-03T10:20:11.303323" elapsed="0.244162">Element with locator 'css=[data-testid="btn-logout"]' not found.</status>
</kw>
<arg>Logout</arg>
<doc>Runs the given keyword with the given arguments and ignores possible error.</doc>
<status status="PASS" start="2026-03-03T10:20:11.302603" elapsed="0.245307"/>
</kw>
<kw name="Aller A La Page De Login" owner="login_page">
<kw name="Aller Vers L'URL" owner="socle">
<kw name="Go To" owner="SeleniumLibrary">
<msg time="2026-03-03T10:20:11.550572" level="INFO">Opening url 'http://localhost:8080'</msg>
<arg>${URL}</arg>
<doc>Navigates the current browser window to the provided ``url``.</doc>
<status status="PASS" start="2026-03-03T10:20:11.550095" elapsed="0.046413"/>
</kw>
<arg>${BASE_URL}</arg>
<status status="PASS" start="2026-03-03T10:20:11.549218" elapsed="0.047670"/>
</kw>
<doc>Aller vers la page de login</doc>
<status status="PASS" start="2026-03-03T10:20:11.548433" elapsed="0.048664"/>
</kw>
<kw name="La Page &quot;Login&quot; Est Visible" owner="login_page">
<kw name="L'Element Doit Etre Visible" owner="socle">
<kw name="Element Should Be Visible" owner="SeleniumLibrary">
<msg time="2026-03-03T10:20:11.632181" level="INFO">Element 'css=[data-testid="input-email"]' is displayed.</msg>
<arg>${locator}</arg>
<arg>${TIMEOUT}</arg>
<doc>Verifies that the element identified by ``locator`` is visible.</doc>
<status status="PASS" start="2026-03-03T10:20:11.599514" elapsed="0.032922"/>
</kw>
<arg>${LOGIN_EMAIL}</arg>
<status status="PASS" start="2026-03-03T10:20:11.598582" elapsed="0.034286"/>
</kw>
<doc>La page de login doit petre visible</doc>
<status status="PASS" start="2026-03-03T10:20:11.597701" elapsed="0.035606"/>
</kw>
<doc>Aller vers la Page de login - service</doc>
<status status="PASS" start="2026-03-03T10:20:11.237490" elapsed="0.396050"/>
</kw>
<kw name="Se Rendre Sur La Page De Login" owner="auth_service">
<kw name="Aller A La Page De Login" owner="login_page">
<kw name="Aller Vers L'URL" owner="socle">
<kw name="Go To" owner="SeleniumLibrary">
<msg time="2026-03-03T10:20:11.636269" level="INFO">Opening url 'http://localhost:8080'</msg>
<arg>${URL}</arg>
<doc>Navigates the current browser window to the provided ``url``.</doc>
<status status="PASS" start="2026-03-03T10:20:11.636037" elapsed="0.043314"/>
</kw>
<arg>${BASE_URL}</arg>
<status status="PASS" start="2026-03-03T10:20:11.635499" elapsed="0.044094"/>
</kw>
<doc>Aller vers la page de login</doc>
<status status="PASS" start="2026-03-03T10:20:11.634807" elapsed="0.045003"/>
</kw>
<kw name="Run Keyword And Ignore Error" owner="BuiltIn">
<kw name="Logout" owner="auth_service">
<kw name="Cliquer sur &quot;Déconnexion&quot;" owner="login_page">
<kw name="L'Element Doit Etre Visible" owner="socle">
<kw name="Element Should Be Visible" owner="SeleniumLibrary">
<msg time="2026-03-03T10:20:11.895892" level="INFO" html="true">&lt;/td&gt;&lt;/tr&gt;&lt;tr&gt;&lt;td colspan="3"&gt;&lt;a href="selenium-screenshot-25.png"&gt;&lt;img src="selenium-screenshot-25.png" width="800px"&gt;&lt;/a&gt;</msg>
<msg time="2026-03-03T10:20:11.896186" level="FAIL">Element with locator 'css=[data-testid="btn-logout"]' not found.</msg>
<arg>${locator}</arg>
<arg>${TIMEOUT}</arg>
<doc>Verifies that the element identified by ``locator`` is visible.</doc>
<status status="FAIL" start="2026-03-03T10:20:11.684817" elapsed="0.211767">Element with locator 'css=[data-testid="btn-logout"]' not found.</status>
</kw>
<arg>${BTN_LOGOUT}</arg>
<status status="FAIL" start="2026-03-03T10:20:11.683707" elapsed="0.213333">Element with locator 'css=[data-testid="btn-logout"]' not found.</status>
</kw>
<kw name="Cliquer Sur Le Bouton" owner="socle">
<arg>${BTN_LOGOUT}</arg>
<status status="NOT RUN" start="2026-03-03T10:20:11.897468" elapsed="0.000100"/>
</kw>
<doc>Cliquer sur le bouton "déconnexion"</doc>
<status status="FAIL" start="2026-03-03T10:20:11.682643" elapsed="0.215106">Element with locator 'css=[data-testid="btn-logout"]' not found.</status>
</kw>
<kw name="La Page &quot;Login&quot; Est Visible" owner="login_page">
<doc>La page de login doit petre visible</doc>
<status status="NOT RUN" start="2026-03-03T10:20:11.898084" elapsed="0.000095"/>
</kw>
<doc>Déconnexion et retour à la page login</doc>
<status status="FAIL" start="2026-03-03T10:20:11.681590" elapsed="0.216845">Element with locator 'css=[data-testid="btn-logout"]' not found.</status>
</kw>
<arg>Logout</arg>
<doc>Runs the given keyword with the given arguments and ignores possible error.</doc>
<status status="PASS" start="2026-03-03T10:20:11.680396" elapsed="0.218266"/>
</kw>
<kw name="Aller A La Page De Login" owner="login_page">
<kw name="Aller Vers L'URL" owner="socle">
<kw name="Go To" owner="SeleniumLibrary">
<msg time="2026-03-03T10:20:11.900864" level="INFO">Opening url 'http://localhost:8080'</msg>
<arg>${URL}</arg>
<doc>Navigates the current browser window to the provided ``url``.</doc>
<status status="PASS" start="2026-03-03T10:20:11.900569" elapsed="0.048220"/>
</kw>
<arg>${BASE_URL}</arg>
<status status="PASS" start="2026-03-03T10:20:11.899832" elapsed="0.049164"/>
</kw>
<doc>Aller vers la page de login</doc>
<status status="PASS" start="2026-03-03T10:20:11.899163" elapsed="0.049972"/>
</kw>
<kw name="La Page &quot;Login&quot; Est Visible" owner="login_page">
<kw name="L'Element Doit Etre Visible" owner="socle">
<kw name="Element Should Be Visible" owner="SeleniumLibrary">
<msg time="2026-03-03T10:20:11.984795" level="INFO">Element 'css=[data-testid="input-email"]' is displayed.</msg>
<arg>${locator}</arg>
<arg>${TIMEOUT}</arg>
<doc>Verifies that the element identified by ``locator`` is visible.</doc>
<status status="PASS" start="2026-03-03T10:20:11.950876" elapsed="0.034189"/>
</kw>
<arg>${LOGIN_EMAIL}</arg>
<status status="PASS" start="2026-03-03T10:20:11.950323" elapsed="0.034975"/>
</kw>
<doc>La page de login doit petre visible</doc>
<status status="PASS" start="2026-03-03T10:20:11.949563" elapsed="0.035918"/>
</kw>
<doc>Aller vers la Page de login - service</doc>
<status status="PASS" start="2026-03-03T10:20:11.634241" elapsed="0.351392"/>
</kw>
<doc>Vérifie que l'application est accessible et que la page Login s'affiche</doc>
<tag>smoke</tag>
<status status="PASS" start="2026-03-03T10:20:11.235553" elapsed="0.750509"/>
</test>
<test id="s1-s1-t2" name="Login Et Logout Standard" line="26">
<kw name="Se Rendre Sur La Page De Login" owner="auth_service" type="SETUP">
<kw name="Aller A La Page De Login" owner="login_page">
<kw name="Aller Vers L'URL" owner="socle">
<kw name="Go To" owner="SeleniumLibrary">
<msg time="2026-03-03T10:20:11.990235" level="INFO">Opening url 'http://localhost:8080'</msg>
<arg>${URL}</arg>
<doc>Navigates the current browser window to the provided ``url``.</doc>
<status status="PASS" start="2026-03-03T10:20:11.990011" elapsed="0.052193"/>
</kw>
<arg>${BASE_URL}</arg>
<status status="PASS" start="2026-03-03T10:20:11.989512" elapsed="0.052936"/>
</kw>
<doc>Aller vers la page de login</doc>
<status status="PASS" start="2026-03-03T10:20:11.988868" elapsed="0.053738"/>
</kw>
<kw name="Run Keyword And Ignore Error" owner="BuiltIn">
<kw name="Logout" owner="auth_service">
<kw name="Cliquer sur &quot;Déconnexion&quot;" owner="login_page">
<kw name="L'Element Doit Etre Visible" owner="socle">
<kw name="Element Should Be Visible" owner="SeleniumLibrary">
<msg time="2026-03-03T10:20:12.257644" level="INFO" html="true">&lt;/td&gt;&lt;/tr&gt;&lt;tr&gt;&lt;td colspan="3"&gt;&lt;a href="selenium-screenshot-26.png"&gt;&lt;img src="selenium-screenshot-26.png" width="800px"&gt;&lt;/a&gt;</msg>
<msg time="2026-03-03T10:20:12.257884" level="FAIL">Element with locator 'css=[data-testid="btn-logout"]' not found.</msg>
<arg>${locator}</arg>
<arg>${TIMEOUT}</arg>
<doc>Verifies that the element identified by ``locator`` is visible.</doc>
<status status="FAIL" start="2026-03-03T10:20:12.046918" elapsed="0.211153">Element with locator 'css=[data-testid="btn-logout"]' not found.</status>
</kw>
<arg>${BTN_LOGOUT}</arg>
<status status="FAIL" start="2026-03-03T10:20:12.046157" elapsed="0.212096">Element with locator 'css=[data-testid="btn-logout"]' not found.</status>
</kw>
<kw name="Cliquer Sur Le Bouton" owner="socle">
<arg>${BTN_LOGOUT}</arg>
<status status="NOT RUN" start="2026-03-03T10:20:12.258819" elapsed="0.000061"/>
</kw>
<doc>Cliquer sur le bouton "déconnexion"</doc>
<status status="FAIL" start="2026-03-03T10:20:12.045051" elapsed="0.214028">Element with locator 'css=[data-testid="btn-logout"]' not found.</status>
</kw>
<kw name="La Page &quot;Login&quot; Est Visible" owner="login_page">
<doc>La page de login doit petre visible</doc>
<status status="NOT RUN" start="2026-03-03T10:20:12.259323" elapsed="0.000047"/>
</kw>
<doc>Déconnexion et retour à la page login</doc>
<status status="FAIL" start="2026-03-03T10:20:12.044057" elapsed="0.215471">Element with locator 'css=[data-testid="btn-logout"]' not found.</status>
</kw>
<arg>Logout</arg>
<doc>Runs the given keyword with the given arguments and ignores possible error.</doc>
<status status="PASS" start="2026-03-03T10:20:12.042995" elapsed="0.216654"/>
</kw>
<kw name="Aller A La Page De Login" owner="login_page">
<kw name="Aller Vers L'URL" owner="socle">
<kw name="Go To" owner="SeleniumLibrary">
<msg time="2026-03-03T10:20:12.261373" level="INFO">Opening url 'http://localhost:8080'</msg>
<arg>${URL}</arg>
<doc>Navigates the current browser window to the provided ``url``.</doc>
<status status="PASS" start="2026-03-03T10:20:12.261161" elapsed="0.043907"/>
</kw>
<arg>${BASE_URL}</arg>
<status status="PASS" start="2026-03-03T10:20:12.260579" elapsed="0.044708"/>
</kw>
<doc>Aller vers la page de login</doc>
<status status="PASS" start="2026-03-03T10:20:12.259933" elapsed="0.045504"/>
</kw>
<kw name="La Page &quot;Login&quot; Est Visible" owner="login_page">
<kw name="L'Element Doit Etre Visible" owner="socle">
<kw name="Element Should Be Visible" owner="SeleniumLibrary">
<msg time="2026-03-03T10:20:12.335125" level="INFO">Element 'css=[data-testid="input-email"]' is displayed.</msg>
<arg>${locator}</arg>
<arg>${TIMEOUT}</arg>
<doc>Verifies that the element identified by ``locator`` is visible.</doc>
<status status="PASS" start="2026-03-03T10:20:12.308013" elapsed="0.027306"/>
</kw>
<arg>${LOGIN_EMAIL}</arg>
<status status="PASS" start="2026-03-03T10:20:12.306745" elapsed="0.028826"/>
</kw>
<doc>La page de login doit petre visible</doc>
<status status="PASS" start="2026-03-03T10:20:12.305928" elapsed="0.029854"/>
</kw>
<doc>Aller vers la Page de login - service</doc>
<status status="PASS" start="2026-03-03T10:20:11.988101" elapsed="0.347813"/>
</kw>
<kw name="Obtenir Les Identifiants Standards" owner="auth_service">
<kw name="Get Standard Credentials" owner="testdata">
<kw name="Get From Dictionary" owner="Collections">
<msg time="2026-03-03T10:20:12.338587" level="INFO">${users} = {'standard': {'email': 'test@digitalbank.fr', 'password': 'Test1234!', 'two_fa_enabled': False}, 'twofa': {'email': 'marie.martin@email.com', 'password': 'SecurePass456!', 'two_fa_enabled': True, 'two...</msg>
<var>${users}</var>
<arg>${TESTDATA}</arg>
<arg>users</arg>
<doc>Returns a value from the given ``dictionary`` based on the given ``key``.</doc>
<status status="PASS" start="2026-03-03T10:20:12.338099" elapsed="0.000591"/>
</kw>
<kw name="Get From Dictionary" owner="Collections">
<msg time="2026-03-03T10:20:12.339685" level="INFO">${standard} = {'email': 'test@digitalbank.fr', 'password': 'Test1234!', 'two_fa_enabled': False}</msg>
<var>${standard}</var>
<arg>${users}</arg>
<arg>standard</arg>
<doc>Returns a value from the given ``dictionary`` based on the given ``key``.</doc>
<status status="PASS" start="2026-03-03T10:20:12.339092" elapsed="0.000682"/>
</kw>
<kw name="Get From Dictionary" owner="Collections">
<msg time="2026-03-03T10:20:12.340692" level="INFO">${email} = test@digitalbank.fr</msg>
<var>${email}</var>
<arg>${standard}</arg>
<arg>email</arg>
<doc>Returns a value from the given ``dictionary`` based on the given ``key``.</doc>
<status status="PASS" start="2026-03-03T10:20:12.340185" elapsed="0.000576"/>
</kw>
<kw name="Get From Dictionary" owner="Collections">
<msg time="2026-03-03T10:20:12.341471" level="INFO">${password} = Test1234!</msg>
<var>${password}</var>
<arg>${standard}</arg>
<arg>password</arg>
<doc>Returns a value from the given ``dictionary`` based on the given ``key``.</doc>
<status status="PASS" start="2026-03-03T10:20:12.340973" elapsed="0.000590"/>
</kw>
<return>
<value>${email}</value>
<value>${password}</value>
<status status="PASS" start="2026-03-03T10:20:12.341777" elapsed="0.000150"/>
</return>
<msg time="2026-03-03T10:20:12.342484" level="INFO">${email} = test@digitalbank.fr</msg>
<msg time="2026-03-03T10:20:12.342620" level="INFO">${password} = Test1234!</msg>
<var>${email}</var>
<var>${password}</var>
<status status="PASS" start="2026-03-03T10:20:12.337552" elapsed="0.005157"/>
</kw>
<return>
<value>${email}</value>
<value>${password}</value>
<status status="PASS" start="2026-03-03T10:20:12.342849" elapsed="0.000079"/>
</return>
<msg time="2026-03-03T10:20:12.343296" level="INFO">${email} = test@digitalbank.fr</msg>
<msg time="2026-03-03T10:20:12.343394" level="INFO">${password} = Test1234!</msg>
<var>${email}</var>
<var>${password}</var>
<doc>Obtenir les identifiants standards</doc>
<status status="PASS" start="2026-03-03T10:20:12.336773" elapsed="0.006679"/>
</kw>
<kw name="Login Avec Identifiants" owner="auth_service">
<kw name="La Page &quot;Login&quot; Est Visible" owner="login_page">
<kw name="L'Element Doit Etre Visible" owner="socle">
<kw name="Element Should Be Visible" owner="SeleniumLibrary">
<msg time="2026-03-03T10:20:12.375159" level="INFO">Element 'css=[data-testid="input-email"]' is displayed.</msg>
<arg>${locator}</arg>
<arg>${TIMEOUT}</arg>
<doc>Verifies that the element identified by ``locator`` is visible.</doc>
<status status="PASS" start="2026-03-03T10:20:12.347221" elapsed="0.028152"/>
</kw>
<arg>${LOGIN_EMAIL}</arg>
<status status="PASS" start="2026-03-03T10:20:12.346223" elapsed="0.029394"/>
</kw>
<doc>La page de login doit petre visible</doc>
<status status="PASS" start="2026-03-03T10:20:12.345209" elapsed="0.030621"/>
</kw>
<kw name="Saisir Email" owner="login_page">
<kw name="Saisir Le Texte" owner="socle">
<kw name="Clear Element Text" owner="SeleniumLibrary">
<arg>${locator}</arg>
<doc>Clears the value of the text-input-element identified by ``locator``.</doc>
<status status="PASS" start="2026-03-03T10:20:12.379092" elapsed="0.068285"/>
</kw>
<kw name="Wait Until Element Is Visible" owner="SeleniumLibrary">
<arg>${locator}</arg>
<arg>${TIMEOUT}</arg>
<doc>Waits until the element ``locator`` is visible.</doc>
<status status="PASS" start="2026-03-03T10:20:12.448160" elapsed="0.024287"/>
</kw>
<kw name="Input Password" owner="SeleniumLibrary">
<msg time="2026-03-03T10:20:12.473423" level="INFO">Typing password into text field 'css=[data-testid="input-email"]'.</msg>
<msg time="2026-03-03T10:20:12.518206" level="INFO">Temporally setting log level to: NONE</msg>
<arg>${locator}</arg>
<arg>${text}</arg>
<doc>Types the given password into the text field identified by ``locator``.</doc>
<status status="PASS" start="2026-03-03T10:20:12.472876" elapsed="0.136973"/>
</kw>
<arg>${LOGIN_EMAIL}</arg>
<arg>${email}</arg>
<status status="PASS" start="2026-03-03T10:20:12.378116" elapsed="0.232079"/>
</kw>
<arg>${email}</arg>
<doc>Saisir l'email</doc>
<status status="PASS" start="2026-03-03T10:20:12.376443" elapsed="0.234019"/>
</kw>
<kw name="Saisir Mot De Passe" owner="login_page">
<kw name="Saisir Le Mot De Passe" owner="socle">
<kw name="Clear Element Text" owner="SeleniumLibrary">
<arg>${locator}</arg>
<doc>Clears the value of the text-input-element identified by ``locator``.</doc>
<status status="PASS" start="2026-03-03T10:20:12.613486" elapsed="0.055650"/>
</kw>
<kw name="Wait Until Element Is Visible" owner="SeleniumLibrary">
<arg>${locator}</arg>
<arg>${TIMEOUT}</arg>
<doc>Waits until the element ``locator`` is visible.</doc>
<status status="PASS" start="2026-03-03T10:20:12.669752" elapsed="0.021752"/>
</kw>
<kw name="Input Password" owner="SeleniumLibrary">
<msg time="2026-03-03T10:20:12.692493" level="INFO">Typing password into text field 'css=[data-testid="input-password"]'.</msg>
<msg time="2026-03-03T10:20:12.748150" level="INFO">Temporally setting log level to: NONE</msg>
<arg>${locator}</arg>
<arg>${pswd}</arg>
<doc>Types the given password into the text field identified by ``locator``.</doc>
<status status="PASS" start="2026-03-03T10:20:12.691961" elapsed="0.145886"/>
</kw>
<arg>${LOGIN_PASSWORD}</arg>
<arg>${password}</arg>
<status status="PASS" start="2026-03-03T10:20:12.612500" elapsed="0.225583"/>
</kw>
<kw name="Cliquer Sur Le Bouton" owner="socle">
<kw name="Wait Until Element Is Visible" owner="SeleniumLibrary">
<arg>${locator}</arg>
<arg>${TIMEOUT}</arg>
<doc>Waits until the element ``locator`` is visible.</doc>
<status status="PASS" start="2026-03-03T10:20:12.839743" elapsed="0.030858"/>
</kw>
<kw name="Click Button" owner="SeleniumLibrary">
<msg time="2026-03-03T10:20:12.871814" level="INFO">Clicking button 'css=[data-testid="btn-login"]'.</msg>
<arg>${locator}</arg>
<doc>Clicks the button identified by ``locator``.</doc>
<status status="PASS" start="2026-03-03T10:20:12.871154" elapsed="0.207718"/>
</kw>
<arg>${LOGIN_SUBMIT}</arg>
<status status="PASS" start="2026-03-03T10:20:12.838665" elapsed="0.240429"/>
</kw>
<arg>${password}</arg>
<doc>Saisir le mot de passe</doc>
<status status="PASS" start="2026-03-03T10:20:12.611178" elapsed="0.468068"/>
</kw>
<arg>${email}</arg>
<arg>${password}</arg>
<doc>Saisit les identifiants et soumet le formulaire de login</doc>
<status status="PASS" start="2026-03-03T10:20:12.344025" elapsed="0.735366"/>
</kw>
<kw name="La Page &quot;Commune&quot; Est Visible" owner="main_page">
<kw name="L'Element Doit Etre Visible" owner="socle">
<kw name="Element Should Be Visible" owner="SeleniumLibrary">
<msg time="2026-03-03T10:20:13.114277" level="INFO">Element 'css=[data-testid="tab-dashboard"]' is displayed.</msg>
<arg>${locator}</arg>
<arg>${TIMEOUT}</arg>
<doc>Verifies that the element identified by ``locator`` is visible.</doc>
<status status="PASS" start="2026-03-03T10:20:13.082150" elapsed="0.032331"/>
</kw>
<arg>${TAB_DASHBOARD}</arg>
<status status="PASS" start="2026-03-03T10:20:13.081194" elapsed="0.033553"/>
</kw>
<kw name="L'Element Doit Etre Visible" owner="socle">
<kw name="Element Should Be Visible" owner="SeleniumLibrary">
<msg time="2026-03-03T10:20:13.138740" level="INFO">Element 'css=[data-testid="btn-logout"]' is displayed.</msg>
<arg>${locator}</arg>
<arg>${TIMEOUT}</arg>
<doc>Verifies that the element identified by ``locator`` is visible.</doc>
<status status="PASS" start="2026-03-03T10:20:13.116199" elapsed="0.022713"/>
</kw>
<arg>${BTN_LOGOUT}</arg>
<status status="PASS" start="2026-03-03T10:20:13.115253" elapsed="0.023866"/>
</kw>
<doc>La page de login doit petre visible</doc>
<status status="PASS" start="2026-03-03T10:20:13.080056" elapsed="0.059207"/>
</kw>
<kw name="Logout" owner="auth_service">
<kw name="Cliquer sur &quot;Déconnexion&quot;" owner="login_page">
<kw name="L'Element Doit Etre Visible" owner="socle">
<kw name="Element Should Be Visible" owner="SeleniumLibrary">
<msg time="2026-03-03T10:20:13.160880" level="INFO">Element 'css=[data-testid="btn-logout"]' is displayed.</msg>
<arg>${locator}</arg>
<arg>${TIMEOUT}</arg>
<doc>Verifies that the element identified by ``locator`` is visible.</doc>
<status status="PASS" start="2026-03-03T10:20:13.141557" elapsed="0.019524"/>
</kw>
<arg>${BTN_LOGOUT}</arg>
<status status="PASS" start="2026-03-03T10:20:13.141072" elapsed="0.020222"/>
</kw>
<kw name="Cliquer Sur Le Bouton" owner="socle">
<kw name="Wait Until Element Is Visible" owner="SeleniumLibrary">
<arg>${locator}</arg>
<arg>${TIMEOUT}</arg>
<doc>Waits until the element ``locator`` is visible.</doc>
<status status="PASS" start="2026-03-03T10:20:13.162608" elapsed="0.018264"/>
</kw>
<kw name="Click Button" owner="SeleniumLibrary">
<msg time="2026-03-03T10:20:13.181780" level="INFO">Clicking button 'css=[data-testid="btn-logout"]'.</msg>
<arg>${locator}</arg>
<doc>Clicks the button identified by ``locator``.</doc>
<status status="PASS" start="2026-03-03T10:20:13.181280" elapsed="0.104965"/>
</kw>
<arg>${BTN_LOGOUT}</arg>
<status status="PASS" start="2026-03-03T10:20:13.161793" elapsed="0.124749"/>
</kw>
<doc>Cliquer sur le bouton "déconnexion"</doc>
<status status="PASS" start="2026-03-03T10:20:13.140562" elapsed="0.146177"/>
</kw>
<kw name="La Page &quot;Login&quot; Est Visible" owner="login_page">
<kw name="L'Element Doit Etre Visible" owner="socle">
<kw name="Element Should Be Visible" owner="SeleniumLibrary">
<msg time="2026-03-03T10:20:13.321309" level="INFO">Element 'css=[data-testid="input-email"]' is displayed.</msg>
<arg>${locator}</arg>
<arg>${TIMEOUT}</arg>
<doc>Verifies that the element identified by ``locator`` is visible.</doc>
<status status="PASS" start="2026-03-03T10:20:13.289009" elapsed="0.032630"/>
</kw>
<arg>${LOGIN_EMAIL}</arg>
<status status="PASS" start="2026-03-03T10:20:13.288100" elapsed="0.033911"/>
</kw>
<doc>La page de login doit petre visible</doc>
<status status="PASS" start="2026-03-03T10:20:13.287216" elapsed="0.035052"/>
</kw>
<doc>Déconnexion et retour à la page login</doc>
<status status="PASS" start="2026-03-03T10:20:13.139910" elapsed="0.182578"/>
</kw>
<doc>login standard -&gt; app visible -&gt; logout</doc>
<tag>nightly</tag>
<tag>smoke</tag>
<status status="PASS" start="2026-03-03T10:20:11.986809" elapsed="1.336236"/>
</test>
<test id="s1-s1-t3" name="Login Et Logout 2FA" line="35">
<kw name="Se Rendre Sur La Page De Login" owner="auth_service" type="SETUP">
<kw name="Aller A La Page De Login" owner="login_page">
<kw name="Aller Vers L'URL" owner="socle">
<kw name="Go To" owner="SeleniumLibrary">
<msg time="2026-03-03T10:20:13.330496" level="INFO">Opening url 'http://localhost:8080'</msg>
<arg>${URL}</arg>
<doc>Navigates the current browser window to the provided ``url``.</doc>
<status status="PASS" start="2026-03-03T10:20:13.329672" elapsed="0.056206"/>
</kw>
<arg>${BASE_URL}</arg>
<status status="PASS" start="2026-03-03T10:20:13.327843" elapsed="0.058284"/>
</kw>
<doc>Aller vers la page de login</doc>
<status status="PASS" start="2026-03-03T10:20:13.326822" elapsed="0.059496"/>
</kw>
<kw name="Run Keyword And Ignore Error" owner="BuiltIn">
<kw name="Logout" owner="auth_service">
<kw name="Cliquer sur &quot;Déconnexion&quot;" owner="login_page">
<kw name="L'Element Doit Etre Visible" owner="socle">
<kw name="Element Should Be Visible" owner="SeleniumLibrary">
<msg time="2026-03-03T10:20:13.610354" level="INFO" html="true">&lt;/td&gt;&lt;/tr&gt;&lt;tr&gt;&lt;td colspan="3"&gt;&lt;a href="selenium-screenshot-27.png"&gt;&lt;img src="selenium-screenshot-27.png" width="800px"&gt;&lt;/a&gt;</msg>
<msg time="2026-03-03T10:20:13.610707" level="FAIL">Element with locator 'css=[data-testid="btn-logout"]' not found.</msg>
<arg>${locator}</arg>
<arg>${TIMEOUT}</arg>
<doc>Verifies that the element identified by ``locator`` is visible.</doc>
<status status="FAIL" start="2026-03-03T10:20:13.389948" elapsed="0.221168">Element with locator 'css=[data-testid="btn-logout"]' not found.</status>
</kw>
<arg>${BTN_LOGOUT}</arg>
<status status="FAIL" start="2026-03-03T10:20:13.389166" elapsed="0.222345">Element with locator 'css=[data-testid="btn-logout"]' not found.</status>
</kw>
<kw name="Cliquer Sur Le Bouton" owner="socle">
<arg>${BTN_LOGOUT}</arg>
<status status="NOT RUN" start="2026-03-03T10:20:13.612170" elapsed="0.000102"/>
</kw>
<doc>Cliquer sur le bouton "déconnexion"</doc>
<status status="FAIL" start="2026-03-03T10:20:13.388370" elapsed="0.224165">Element with locator 'css=[data-testid="btn-logout"]' not found.</status>
</kw>
<kw name="La Page &quot;Login&quot; Est Visible" owner="login_page">
<doc>La page de login doit petre visible</doc>
<status status="NOT RUN" start="2026-03-03T10:20:13.613108" elapsed="0.000104"/>
</kw>
<doc>Déconnexion et retour à la page login</doc>
<status status="FAIL" start="2026-03-03T10:20:13.387474" elapsed="0.225988">Element with locator 'css=[data-testid="btn-logout"]' not found.</status>
</kw>
<arg>Logout</arg>
<doc>Runs the given keyword with the given arguments and ignores possible error.</doc>
<status status="PASS" start="2026-03-03T10:20:13.386748" elapsed="0.226940"/>
</kw>
<kw name="Aller A La Page De Login" owner="login_page">
<kw name="Aller Vers L'URL" owner="socle">
<kw name="Go To" owner="SeleniumLibrary">
<msg time="2026-03-03T10:20:13.616529" level="INFO">Opening url 'http://localhost:8080'</msg>
<arg>${URL}</arg>
<doc>Navigates the current browser window to the provided ``url``.</doc>
<status status="PASS" start="2026-03-03T10:20:13.616156" elapsed="0.052273"/>
</kw>
<arg>${BASE_URL}</arg>
<status status="PASS" start="2026-03-03T10:20:13.615260" elapsed="0.053384"/>
</kw>
<doc>Aller vers la page de login</doc>
<status status="PASS" start="2026-03-03T10:20:13.614387" elapsed="0.054422"/>
</kw>
<kw name="La Page &quot;Login&quot; Est Visible" owner="login_page">
<kw name="L'Element Doit Etre Visible" owner="socle">
<kw name="Element Should Be Visible" owner="SeleniumLibrary">
<msg time="2026-03-03T10:20:13.698752" level="INFO">Element 'css=[data-testid="input-email"]' is displayed.</msg>
<arg>${locator}</arg>
<arg>${TIMEOUT}</arg>
<doc>Verifies that the element identified by ``locator`` is visible.</doc>
<status status="PASS" start="2026-03-03T10:20:13.670331" elapsed="0.028754"/>
</kw>
<arg>${LOGIN_EMAIL}</arg>
<status status="PASS" start="2026-03-03T10:20:13.669859" elapsed="0.029601"/>
</kw>
<doc>La page de login doit petre visible</doc>
<status status="PASS" start="2026-03-03T10:20:13.669237" elapsed="0.030409"/>
</kw>
<doc>Aller vers la Page de login - service</doc>
<status status="PASS" start="2026-03-03T10:20:13.325555" elapsed="0.374280"/>
</kw>
<kw name="Login Avec Identifiants" owner="auth_service">
<kw name="La Page &quot;Login&quot; Est Visible" owner="login_page">
<kw name="L'Element Doit Etre Visible" owner="socle">
<kw name="Element Should Be Visible" owner="SeleniumLibrary">
<msg time="2026-03-03T10:20:13.728070" level="INFO">Element 'css=[data-testid="input-email"]' is displayed.</msg>
<arg>${locator}</arg>
<arg>${TIMEOUT}</arg>
<doc>Verifies that the element identified by ``locator`` is visible.</doc>
<status status="PASS" start="2026-03-03T10:20:13.702664" elapsed="0.025610"/>
</kw>
<arg>${LOGIN_EMAIL}</arg>
<status status="PASS" start="2026-03-03T10:20:13.701967" elapsed="0.026515"/>
</kw>
<doc>La page de login doit petre visible</doc>
<status status="PASS" start="2026-03-03T10:20:13.701346" elapsed="0.027286"/>
</kw>
<kw name="Saisir Email" owner="login_page">
<kw name="Saisir Le Texte" owner="socle">
<kw name="Clear Element Text" owner="SeleniumLibrary">
<arg>${locator}</arg>
<doc>Clears the value of the text-input-element identified by ``locator``.</doc>
<status status="PASS" start="2026-03-03T10:20:13.732243" elapsed="0.050133"/>
</kw>
<kw name="Wait Until Element Is Visible" owner="SeleniumLibrary">
<arg>${locator}</arg>
<arg>${TIMEOUT}</arg>
<doc>Waits until the element ``locator`` is visible.</doc>
<status status="PASS" start="2026-03-03T10:20:13.782783" elapsed="0.020387"/>
</kw>
<kw name="Input Password" owner="SeleniumLibrary">
<msg time="2026-03-03T10:20:13.804122" level="INFO">Typing password into text field 'css=[data-testid="input-email"]'.</msg>
<msg time="2026-03-03T10:20:13.845947" level="INFO">Temporally setting log level to: NONE</msg>
<arg>${locator}</arg>
<arg>${text}</arg>
<doc>Types the given password into the text field identified by ``locator``.</doc>
<status status="PASS" start="2026-03-03T10:20:13.803571" elapsed="0.124028"/>
</kw>
<arg>${LOGIN_EMAIL}</arg>
<arg>${email}</arg>
<status status="PASS" start="2026-03-03T10:20:13.730907" elapsed="0.196935"/>
</kw>
<arg>${email}</arg>
<doc>Saisir l'email</doc>
<status status="PASS" start="2026-03-03T10:20:13.729113" elapsed="0.198883"/>
</kw>
<kw name="Saisir Mot De Passe" owner="login_page">
<kw name="Saisir Le Mot De Passe" owner="socle">
<kw name="Clear Element Text" owner="SeleniumLibrary">
<arg>${locator}</arg>
<doc>Clears the value of the text-input-element identified by ``locator``.</doc>
<status status="PASS" start="2026-03-03T10:20:13.929638" elapsed="0.056507"/>
</kw>
<kw name="Wait Until Element Is Visible" owner="SeleniumLibrary">
<arg>${locator}</arg>
<arg>${TIMEOUT}</arg>
<doc>Waits until the element ``locator`` is visible.</doc>
<status status="PASS" start="2026-03-03T10:20:13.986759" elapsed="0.021957"/>
</kw>
<kw name="Input Password" owner="SeleniumLibrary">
<msg time="2026-03-03T10:20:14.009444" level="INFO">Typing password into text field 'css=[data-testid="input-password"]'.</msg>
<msg time="2026-03-03T10:20:14.058051" level="INFO">Temporally setting log level to: NONE</msg>
<arg>${locator}</arg>
<arg>${pswd}</arg>
<doc>Types the given password into the text field identified by ``locator``.</doc>
<status status="PASS" start="2026-03-03T10:20:14.009028" elapsed="0.125551"/>
</kw>
<arg>${LOGIN_PASSWORD}</arg>
<arg>${password}</arg>
<status status="PASS" start="2026-03-03T10:20:13.929091" elapsed="0.205864"/>
</kw>
<kw name="Cliquer Sur Le Bouton" owner="socle">
<kw name="Wait Until Element Is Visible" owner="SeleniumLibrary">
<arg>${locator}</arg>
<arg>${TIMEOUT}</arg>
<doc>Waits until the element ``locator`` is visible.</doc>
<status status="PASS" start="2026-03-03T10:20:14.137386" elapsed="0.023121"/>
</kw>
<kw name="Click Button" owner="SeleniumLibrary">
<msg time="2026-03-03T10:20:14.161537" level="INFO">Clicking button 'css=[data-testid="btn-login"]'.</msg>
<arg>${locator}</arg>
<doc>Clicks the button identified by ``locator``.</doc>
<status status="PASS" start="2026-03-03T10:20:14.160999" elapsed="0.134721"/>
</kw>
<arg>${LOGIN_SUBMIT}</arg>
<status status="PASS" start="2026-03-03T10:20:14.135790" elapsed="0.160152"/>
</kw>
<arg>${password}</arg>
<doc>Saisir le mot de passe</doc>
<status status="PASS" start="2026-03-03T10:20:13.928468" elapsed="0.367625"/>
</kw>
<arg>${USER_2FA_EMAIL}</arg>
<arg>${USER_2FA_PASSWORD}</arg>
<doc>Saisit les identifiants et soumet le formulaire de login</doc>
<status status="PASS" start="2026-03-03T10:20:13.700483" elapsed="0.595758"/>
</kw>
<kw name="Se connecter 2FA" owner="auth_service">
<kw name="La Page &quot;2FA&quot; Est Visible" owner="2FA_page">
<kw name="L'Element Doit Etre Visible" owner="socle">
<kw name="Element Should Be Visible" owner="SeleniumLibrary">
<msg time="2026-03-03T10:20:14.331603" level="INFO">Element 'css=[data-testid="2fa-code-0"]' is displayed.</msg>
<arg>${locator}</arg>
<arg>${TIMEOUT}</arg>
<doc>Verifies that the element identified by ``locator`` is visible.</doc>
<status status="PASS" start="2026-03-03T10:20:14.300220" elapsed="0.031637"/>
</kw>
<arg>${2FA_CODE_0}</arg>
<status status="PASS" start="2026-03-03T10:20:14.298879" elapsed="0.033264"/>
</kw>
<kw name="L'Element Doit Etre Visible" owner="socle">
<kw name="Element Should Be Visible" owner="SeleniumLibrary">
<msg time="2026-03-03T10:20:14.356598" level="INFO">Element 'css=[data-testid="btn-verify-2fa"]' is displayed.</msg>
<arg>${locator}</arg>
<arg>${TIMEOUT}</arg>
<doc>Verifies that the element identified by ``locator`` is visible.</doc>
<status status="PASS" start="2026-03-03T10:20:14.333756" elapsed="0.023051"/>
</kw>
<arg>${2FA_VERIFY}</arg>
<status status="PASS" start="2026-03-03T10:20:14.332621" elapsed="0.024416"/>
</kw>
<doc>Vérifie que l'écran 2FA est affiché (6 inputs + bouton Vérifier)</doc>
<status status="PASS" start="2026-03-03T10:20:14.297856" elapsed="0.059348"/>
</kw>
<kw name="Saisir Le Code 2FA" owner="2FA_page">
<kw name="Get Substring" owner="String">
<msg time="2026-03-03T10:20:14.359191" level="INFO">${c0} = 1</msg>
<var>${c0}</var>
<arg>${code}</arg>
<arg>0</arg>
<arg>1</arg>
<doc>Returns a substring from ``start`` index to ``end`` index.</doc>
<status status="PASS" start="2026-03-03T10:20:14.358741" elapsed="0.000502"/>
</kw>
<kw name="Get Substring" owner="String">
<msg time="2026-03-03T10:20:14.359865" level="INFO">${c1} = 2</msg>
<var>${c1}</var>
<arg>${code}</arg>
<arg>1</arg>
<arg>2</arg>
<doc>Returns a substring from ``start`` index to ``end`` index.</doc>
<status status="PASS" start="2026-03-03T10:20:14.359479" elapsed="0.000430"/>
</kw>
<kw name="Get Substring" owner="String">
<msg time="2026-03-03T10:20:14.360430" level="INFO">${c2} = 3</msg>
<var>${c2}</var>
<arg>${code}</arg>
<arg>2</arg>
<arg>3</arg>
<doc>Returns a substring from ``start`` index to ``end`` index.</doc>
<status status="PASS" start="2026-03-03T10:20:14.360099" elapsed="0.000374"/>
</kw>
<kw name="Get Substring" owner="String">
<msg time="2026-03-03T10:20:14.361717" level="INFO">${c3} = 4</msg>
<var>${c3}</var>
<arg>${code}</arg>
<arg>3</arg>
<arg>4</arg>
<doc>Returns a substring from ``start`` index to ``end`` index.</doc>
<status status="PASS" start="2026-03-03T10:20:14.360906" elapsed="0.000865"/>
</kw>
<kw name="Get Substring" owner="String">
<msg time="2026-03-03T10:20:14.362356" level="INFO">${c4} = 5</msg>
<var>${c4}</var>
<arg>${code}</arg>
<arg>4</arg>
<arg>5</arg>
<doc>Returns a substring from ``start`` index to ``end`` index.</doc>
<status status="PASS" start="2026-03-03T10:20:14.362001" elapsed="0.000397"/>
</kw>
<kw name="Get Substring" owner="String">
<msg time="2026-03-03T10:20:14.362973" level="INFO">${c5} = 6</msg>
<var>${c5}</var>
<arg>${code}</arg>
<arg>5</arg>
<arg>6</arg>
<doc>Returns a substring from ``start`` index to ``end`` index.</doc>
<status status="PASS" start="2026-03-03T10:20:14.362611" elapsed="0.000404"/>
</kw>
<kw name="Saisir Le Texte" owner="socle">
<kw name="Clear Element Text" owner="SeleniumLibrary">
<arg>${locator}</arg>
<doc>Clears the value of the text-input-element identified by ``locator``.</doc>
<status status="PASS" start="2026-03-03T10:20:14.363815" elapsed="0.041727"/>
</kw>
<kw name="Wait Until Element Is Visible" owner="SeleniumLibrary">
<arg>${locator}</arg>
<arg>${TIMEOUT}</arg>
<doc>Waits until the element ``locator`` is visible.</doc>
<status status="PASS" start="2026-03-03T10:20:14.405988" elapsed="0.018940"/>
</kw>
<kw name="Input Password" owner="SeleniumLibrary">
<msg time="2026-03-03T10:20:14.426000" level="INFO">Typing password into text field 'css=[data-testid="2fa-code-0"]'.</msg>
<msg time="2026-03-03T10:20:14.470567" level="INFO">Temporally setting log level to: NONE</msg>
<arg>${locator}</arg>
<arg>${text}</arg>
<doc>Types the given password into the text field identified by ``locator``.</doc>
<status status="PASS" start="2026-03-03T10:20:14.425384" elapsed="0.101185"/>
</kw>
<arg>${2FA_CODE_0}</arg>
<arg>${c0}</arg>
<status status="PASS" start="2026-03-03T10:20:14.363292" elapsed="0.163515"/>
</kw>
<kw name="Saisir Le Texte" owner="socle">
<kw name="Clear Element Text" owner="SeleniumLibrary">
<arg>${locator}</arg>
<doc>Clears the value of the text-input-element identified by ``locator``.</doc>
<status status="PASS" start="2026-03-03T10:20:14.527996" elapsed="0.052052"/>
</kw>
<kw name="Wait Until Element Is Visible" owner="SeleniumLibrary">
<arg>${locator}</arg>
<arg>${TIMEOUT}</arg>
<doc>Waits until the element ``locator`` is visible.</doc>
<status status="PASS" start="2026-03-03T10:20:14.580521" elapsed="0.020149"/>
</kw>
<kw name="Input Password" owner="SeleniumLibrary">
<msg time="2026-03-03T10:20:14.601807" level="INFO">Typing password into text field 'css=[data-testid="2fa-code-1"]'.</msg>
<msg time="2026-03-03T10:20:14.646044" level="INFO">Temporally setting log level to: NONE</msg>
<arg>${locator}</arg>
<arg>${text}</arg>
<doc>Types the given password into the text field identified by ``locator``.</doc>
<status status="PASS" start="2026-03-03T10:20:14.601149" elapsed="0.081908"/>
</kw>
<arg>${2FA_CODE_1}</arg>
<arg>${c1}</arg>
<status status="PASS" start="2026-03-03T10:20:14.527293" elapsed="0.156146"/>
</kw>
<kw name="Saisir Le Texte" owner="socle">
<kw name="Clear Element Text" owner="SeleniumLibrary">
<arg>${locator}</arg>
<doc>Clears the value of the text-input-element identified by ``locator``.</doc>
<status status="PASS" start="2026-03-03T10:20:14.685147" elapsed="0.057982"/>
</kw>
<kw name="Wait Until Element Is Visible" owner="SeleniumLibrary">
<arg>${locator}</arg>
<arg>${TIMEOUT}</arg>
<doc>Waits until the element ``locator`` is visible.</doc>
<status status="PASS" start="2026-03-03T10:20:14.743556" elapsed="0.019380"/>
</kw>
<kw name="Input Password" owner="SeleniumLibrary">
<msg time="2026-03-03T10:20:14.763918" level="INFO">Typing password into text field 'css=[data-testid="2fa-code-2"]'.</msg>
<msg time="2026-03-03T10:20:14.816384" level="INFO">Temporally setting log level to: NONE</msg>
<arg>${locator}</arg>
<arg>${text}</arg>
<doc>Types the given password into the text field identified by ``locator``.</doc>
<status status="PASS" start="2026-03-03T10:20:14.763341" elapsed="0.085401"/>
</kw>
<arg>${2FA_CODE_2}</arg>
<arg>${c2}</arg>
<status status="PASS" start="2026-03-03T10:20:14.684136" elapsed="0.164963"/>
</kw>
<kw name="Saisir Le Texte" owner="socle">
<kw name="Clear Element Text" owner="SeleniumLibrary">
<arg>${locator}</arg>
<doc>Clears the value of the text-input-element identified by ``locator``.</doc>
<status status="PASS" start="2026-03-03T10:20:14.851184" elapsed="0.046913"/>
</kw>
<kw name="Wait Until Element Is Visible" owner="SeleniumLibrary">
<arg>${locator}</arg>
<arg>${TIMEOUT}</arg>
<doc>Waits until the element ``locator`` is visible.</doc>
<status status="PASS" start="2026-03-03T10:20:14.898507" elapsed="0.019350"/>
</kw>
<kw name="Input Password" owner="SeleniumLibrary">
<msg time="2026-03-03T10:20:14.918561" level="INFO">Typing password into text field 'css=[data-testid="2fa-code-3"]'.</msg>
<msg time="2026-03-03T10:20:14.958854" level="INFO">Temporally setting log level to: NONE</msg>
<arg>${locator}</arg>
<arg>${text}</arg>
<doc>Types the given password into the text field identified by ``locator``.</doc>
<status status="PASS" start="2026-03-03T10:20:14.918156" elapsed="0.075657"/>
</kw>
<arg>${2FA_CODE_3}</arg>
<arg>${c3}</arg>
<status status="PASS" start="2026-03-03T10:20:14.849915" elapsed="0.144122"/>
</kw>
<kw name="Saisir Le Texte" owner="socle">
<kw name="Clear Element Text" owner="SeleniumLibrary">
<arg>${locator}</arg>
<doc>Clears the value of the text-input-element identified by ``locator``.</doc>
<status status="PASS" start="2026-03-03T10:20:14.995619" elapsed="0.050135"/>
</kw>
<kw name="Wait Until Element Is Visible" owner="SeleniumLibrary">
<arg>${locator}</arg>
<arg>${TIMEOUT}</arg>
<doc>Waits until the element ``locator`` is visible.</doc>
<status status="PASS" start="2026-03-03T10:20:15.046150" elapsed="0.019433"/>
</kw>
<kw name="Input Password" owner="SeleniumLibrary">
<msg time="2026-03-03T10:20:15.066538" level="INFO">Typing password into text field 'css=[data-testid="2fa-code-4"]'.</msg>
<msg time="2026-03-03T10:20:15.106161" level="INFO">Temporally setting log level to: NONE</msg>
<arg>${locator}</arg>
<arg>${text}</arg>
<doc>Types the given password into the text field identified by ``locator``.</doc>
<status status="PASS" start="2026-03-03T10:20:15.066012" elapsed="0.072823"/>
</kw>
<arg>${2FA_CODE_4}</arg>
<arg>${c4}</arg>
<status status="PASS" start="2026-03-03T10:20:14.994554" elapsed="0.144521"/>
</kw>
<kw name="Saisir Le Texte" owner="socle">
<kw name="Clear Element Text" owner="SeleniumLibrary">
<arg>${locator}</arg>
<doc>Clears the value of the text-input-element identified by ``locator``.</doc>
<status status="PASS" start="2026-03-03T10:20:15.140631" elapsed="0.051347"/>
</kw>
<kw name="Wait Until Element Is Visible" owner="SeleniumLibrary">
<arg>${locator}</arg>
<arg>${TIMEOUT}</arg>
<doc>Waits until the element ``locator`` is visible.</doc>
<status status="PASS" start="2026-03-03T10:20:15.192378" elapsed="0.021426"/>
</kw>
<kw name="Input Password" owner="SeleniumLibrary">
<msg time="2026-03-03T10:20:15.214775" level="INFO">Typing password into text field 'css=[data-testid="2fa-code-5"]'.</msg>
<msg time="2026-03-03T10:20:15.256425" level="INFO">Temporally setting log level to: NONE</msg>
<arg>${locator}</arg>
<arg>${text}</arg>
<doc>Types the given password into the text field identified by ``locator``.</doc>
<status status="PASS" start="2026-03-03T10:20:15.214223" elapsed="0.077811"/>
</kw>
<arg>${2FA_CODE_5}</arg>
<arg>${c5}</arg>
<status status="PASS" start="2026-03-03T10:20:15.139625" elapsed="0.152810"/>
</kw>
<kw name="Cliquer Sur Le Bouton" owner="socle">
<kw name="Wait Until Element Is Visible" owner="SeleniumLibrary">
<arg>${locator}</arg>
<arg>${TIMEOUT}</arg>
<doc>Waits until the element ``locator`` is visible.</doc>
<status status="PASS" start="2026-03-03T10:20:15.294075" elapsed="0.022425"/>
</kw>
<kw name="Click Button" owner="SeleniumLibrary">
<msg time="2026-03-03T10:20:15.317729" level="INFO">Clicking button 'css=[data-testid="btn-verify-2fa"]'.</msg>
<arg>${locator}</arg>
<doc>Clicks the button identified by ``locator``.</doc>
<status status="PASS" start="2026-03-03T10:20:15.317041" elapsed="0.119731"/>
</kw>
<arg>${2FA_VERIFY}</arg>
<status status="PASS" start="2026-03-03T10:20:15.293147" elapsed="0.143944"/>
</kw>
<arg>${USER_2FA_CODE}</arg>
<doc>Renseigne les 6 chiffres du code 2FA puis clique sur Vérifier</doc>
<status status="PASS" start="2026-03-03T10:20:14.357884" elapsed="1.079432"/>
</kw>
<kw name="La Page &quot;Commune&quot; Est Visible" owner="main_page">
<kw name="L'Element Doit Etre Visible" owner="socle">
<kw name="Element Should Be Visible" owner="SeleniumLibrary">
<msg time="2026-03-03T10:20:15.466251" level="INFO">Element 'css=[data-testid="tab-dashboard"]' is displayed.</msg>
<arg>${locator}</arg>
<arg>${TIMEOUT}</arg>
<doc>Verifies that the element identified by ``locator`` is visible.</doc>
<status status="PASS" start="2026-03-03T10:20:15.439521" elapsed="0.027015"/>
</kw>
<arg>${TAB_DASHBOARD}</arg>
<status status="PASS" start="2026-03-03T10:20:15.438686" elapsed="0.028215"/>
</kw>
<kw name="L'Element Doit Etre Visible" owner="socle">
<kw name="Element Should Be Visible" owner="SeleniumLibrary">
<msg time="2026-03-03T10:20:15.493639" level="INFO">Element 'css=[data-testid="btn-logout"]' is displayed.</msg>
<arg>${locator}</arg>
<arg>${TIMEOUT}</arg>
<doc>Verifies that the element identified by ``locator`` is visible.</doc>
<status status="PASS" start="2026-03-03T10:20:15.469527" elapsed="0.024330"/>
</kw>
<arg>${BTN_LOGOUT}</arg>
<status status="PASS" start="2026-03-03T10:20:15.467711" elapsed="0.026377"/>
</kw>
<doc>La page de login doit petre visible</doc>
<status status="PASS" start="2026-03-03T10:20:15.437852" elapsed="0.056400"/>
</kw>
<doc>Saisie du code pour le compte avec 2FA activé</doc>
<status status="PASS" start="2026-03-03T10:20:14.296895" elapsed="1.197512"/>
</kw>
<kw name="Logout" owner="auth_service">
<kw name="Cliquer sur &quot;Déconnexion&quot;" owner="login_page">
<kw name="L'Element Doit Etre Visible" owner="socle">
<kw name="Element Should Be Visible" owner="SeleniumLibrary">
<msg time="2026-03-03T10:20:15.521470" level="INFO">Element 'css=[data-testid="btn-logout"]' is displayed.</msg>
<arg>${locator}</arg>
<arg>${TIMEOUT}</arg>
<doc>Verifies that the element identified by ``locator`` is visible.</doc>
<status status="PASS" start="2026-03-03T10:20:15.498557" elapsed="0.023129"/>
</kw>
<arg>${BTN_LOGOUT}</arg>
<status status="PASS" start="2026-03-03T10:20:15.497609" elapsed="0.024311"/>
</kw>
<kw name="Cliquer Sur Le Bouton" owner="socle">
<kw name="Wait Until Element Is Visible" owner="SeleniumLibrary">
<arg>${locator}</arg>
<arg>${TIMEOUT}</arg>
<doc>Waits until the element ``locator`` is visible.</doc>
<status status="PASS" start="2026-03-03T10:20:15.523112" elapsed="0.024235"/>
</kw>
<kw name="Click Button" owner="SeleniumLibrary">
<msg time="2026-03-03T10:20:15.548591" level="INFO">Clicking button 'css=[data-testid="btn-logout"]'.</msg>
<arg>${locator}</arg>
<doc>Clicks the button identified by ``locator``.</doc>
<status status="PASS" start="2026-03-03T10:20:15.547896" elapsed="0.131402"/>
</kw>
<arg>${BTN_LOGOUT}</arg>
<status status="PASS" start="2026-03-03T10:20:15.522437" elapsed="0.157215"/>
</kw>
<doc>Cliquer sur le bouton "déconnexion"</doc>
<status status="PASS" start="2026-03-03T10:20:15.496316" elapsed="0.183600"/>
</kw>
<kw name="La Page &quot;Login&quot; Est Visible" owner="login_page">
<kw name="L'Element Doit Etre Visible" owner="socle">
<kw name="Element Should Be Visible" owner="SeleniumLibrary">
<msg time="2026-03-03T10:20:15.708994" level="INFO">Element 'css=[data-testid="input-email"]' is displayed.</msg>
<arg>${locator}</arg>
<arg>${TIMEOUT}</arg>
<doc>Verifies that the element identified by ``locator`` is visible.</doc>
<status status="PASS" start="2026-03-03T10:20:15.682651" elapsed="0.026521"/>
</kw>
<arg>${LOGIN_EMAIL}</arg>
<status status="PASS" start="2026-03-03T10:20:15.681564" elapsed="0.027805"/>
</kw>
<doc>La page de login doit petre visible</doc>
<status status="PASS" start="2026-03-03T10:20:15.680455" elapsed="0.029052"/>
</kw>
<doc>Déconnexion et retour à la page login</doc>
<status status="PASS" start="2026-03-03T10:20:15.495054" elapsed="0.214629"/>
</kw>
<doc>Connexion avec 2FA -&gt; dashboard visible -&gt; déconnexion -&gt; retour login</doc>
<tag>nightly</tag>
<tag>smoke</tag>
<status status="PASS" start="2026-03-03T10:20:13.323996" elapsed="2.386143"/>
</test>
<kw name="Fermer L'Application" owner="auth_service" type="TEARDOWN">
<kw name="Fermer Les Navigateurs" owner="socle">
<kw name="Close All Browsers" owner="SeleniumLibrary">
<doc>Closes all open browsers and resets the browser cache.</doc>
<status status="PASS" start="2026-03-03T10:20:15.715009" elapsed="0.088930"/>
</kw>
<doc>Ferme tous ls navigateurs</doc>
<status status="PASS" start="2026-03-03T10:20:15.714061" elapsed="0.090173"/>
</kw>
<doc>Ferme proprement le navigateur.</doc>
<status status="PASS" start="2026-03-03T10:20:15.712378" elapsed="0.092071"/>
</kw>
<doc>Fonctionnalité testée : Authentification et connexion</doc>
<status status="PASS" start="2026-03-03T10:20:09.408175" elapsed="6.396431"/>
</suite>
<status status="PASS" start="2026-03-03T10:20:09.364254" elapsed="6.443577"/>
</suite>
<statistics>
<total>
<stat pass="3" fail="0" skip="0">All Tests</stat>
</total>
<tag>
<stat pass="2" fail="0" skip="0">nightly</stat>
<stat pass="3" fail="0" skip="0">smoke</stat>
</tag>
<suite>
<stat name="E2E" id="s1" pass="3" fail="0" skip="0">E2E</stat>
<stat name="Authentification tests" id="s1-s1" pass="3" fail="0" skip="0">E2E.Authentification tests</stat>
</suite>
</statistics>
<errors>
</errors>
</robot>
